The system is: Linux - 5.8.0-43-generic - x86_64
Compiling the C compiler identification source file "CMakeCCompilerId.c" succeeded.
Compiler: /iothome/hao.gao/package/toolchain_linux/Xuantie-900-gcc-linux-5.10.4-glibc-x86_64-V2.6.1/bin/riscv64-unknown-linux-gnu-gcc 
Build flags: 
Id flags: 

The output was:
0


Compilation of the C compiler identification source "CMakeCCompilerId.c" produced "a.out"

The C compiler identification is GNU, found in "/iothome/hao.gao/github_pro/my_ssp/SSP/example_riscv_linux_build/CMakeFiles/3.5.1/CompilerIdC/a.out"

Compiling the CXX compiler identification source file "CMakeCXXCompilerId.cpp" succeeded.
Compiler: /iothome/hao.gao/package/toolchain_linux/Xuantie-900-gcc-linux-5.10.4-glibc-x86_64-V2.6.1/bin/riscv64-unknown-linux-gnu-g++ 
Build flags: 
Id flags: 

The output was:
0


Compilation of the CXX compiler identification source "CMakeCXXCompilerId.cpp" produced "a.out"

The CXX compiler identification is GNU, found in "/iothome/hao.gao/github_pro/my_ssp/SSP/example_riscv_linux_build/CMakeFiles/3.5.1/CompilerIdCXX/a.out"

Determining if the C compiler works passed with the following output:
Change Dir: /iothome/hao.gao/github_pro/my_ssp/SSP/example_riscv_linux_build/CMakeFiles/CMakeTmp

Run Build Command:"/usr/bin/make" "cmTC_a9938/fast"
make[1]: Entering directory '/iothome/hao.gao/github_pro/my_ssp/SSP/example_riscv_linux_build/CMakeFiles/CMakeTmp'
make[1]: Warning: File 'Makefile' has modification time 3.4 s in the future
/usr/bin/make -f CMakeFiles/cmTC_a9938.dir/build.make CMakeFiles/cmTC_a9938.dir/build
make[2]: Entering directory '/iothome/hao.gao/github_pro/my_ssp/SSP/example_riscv_linux_build/CMakeFiles/CMakeTmp'
make[2]: Warning: File 'CMakeFiles/cmTC_a9938.dir/flags.make' has modification time 3.4 s in the future
Building C object CMakeFiles/cmTC_a9938.dir/testCCompiler.c.o
/iothome/hao.gao/package/toolchain_linux/Xuantie-900-gcc-linux-5.10.4-glibc-x86_64-V2.6.1/bin/riscv64-unknown-linux-gnu-gcc     -o CMakeFiles/cmTC_a9938.dir/testCCompiler.c.o   -c /iothome/hao.gao/github_pro/my_ssp/SSP/example_riscv_linux_build/CMakeFiles/CMakeTmp/testCCompiler.c
Linking C executable cmTC_a9938
/usr/local/bin/cmake -E cmake_link_script CMakeFiles/cmTC_a9938.dir/link.txt --verbose=1
/iothome/hao.gao/package/toolchain_linux/Xuantie-900-gcc-linux-5.10.4-glibc-x86_64-V2.6.1/bin/riscv64-unknown-linux-gnu-gcc       CMakeFiles/cmTC_a9938.dir/testCCompiler.c.o  -o cmTC_a9938 -rdynamic 
make[2]: warning:  Clock skew detected.  Your build may be incomplete.
make[2]: Leaving directory '/iothome/hao.gao/github_pro/my_ssp/SSP/example_riscv_linux_build/CMakeFiles/CMakeTmp'
make[1]: warning:  Clock skew detected.  Your build may be incomplete.
make[1]: Leaving directory '/iothome/hao.gao/github_pro/my_ssp/SSP/example_riscv_linux_build/CMakeFiles/CMakeTmp'


Detecting C compiler ABI info compiled with the following output:
Change Dir: /iothome/hao.gao/github_pro/my_ssp/SSP/example_riscv_linux_build/CMakeFiles/CMakeTmp

Run Build Command:"/usr/bin/make" "cmTC_6b215/fast"
make[1]: Entering directory '/iothome/hao.gao/github_pro/my_ssp/SSP/example_riscv_linux_build/CMakeFiles/CMakeTmp'
make[1]: Warning: File 'Makefile' has modification time 3.5 s in the future
/usr/bin/make -f CMakeFiles/cmTC_6b215.dir/build.make CMakeFiles/cmTC_6b215.dir/build
make[2]: Entering directory '/iothome/hao.gao/github_pro/my_ssp/SSP/example_riscv_linux_build/CMakeFiles/CMakeTmp'
make[2]: Warning: File 'CMakeFiles/cmTC_6b215.dir/flags.make' has modification time 3.5 s in the future
Building C object CMakeFiles/cmTC_6b215.dir/CMakeCCompilerABI.c.o
/iothome/hao.gao/package/toolchain_linux/Xuantie-900-gcc-linux-5.10.4-glibc-x86_64-V2.6.1/bin/riscv64-unknown-linux-gnu-gcc     -o CMakeFiles/cmTC_6b215.dir/CMakeCCompilerABI.c.o   -c /usr/local/share/cmake-3.5/Modules/CMakeCCompilerABI.c
Linking C executable cmTC_6b215
/usr/local/bin/cmake -E cmake_link_script CMakeFiles/cmTC_6b215.dir/link.txt --verbose=1
/iothome/hao.gao/package/toolchain_linux/Xuantie-900-gcc-linux-5.10.4-glibc-x86_64-V2.6.1/bin/riscv64-unknown-linux-gnu-gcc      -v CMakeFiles/cmTC_6b215.dir/CMakeCCompilerABI.c.o  -o cmTC_6b215 -rdynamic  
Using built-in specs.
COLLECT_GCC=/iothome/hao.gao/package/toolchain_linux/Xuantie-900-gcc-linux-5.10.4-glibc-x86_64-V2.6.1/bin/riscv64-unknown-linux-gnu-gcc
COLLECT_LTO_WRAPPER=/iothome/hao.gao/package/toolchain_linux/Xuantie-900-gcc-linux-5.10.4-glibc-x86_64-V2.6.1/bin/../libexec/gcc/riscv64-unknown-linux-gnu/10.2.0/lto-wrapper
Target: riscv64-unknown-linux-gnu
Configured with: /mnt/ssd/jenkins_iotsw/slave/workspace/Toolchain/build-gnu-riscv_2/./source/riscv/riscv-gcc/configure --target=riscv64-unknown-linux-gnu --with-gmp=/mnt/ssd/jenkins_iotsw/slave/workspace/Toolchain/build-gnu-riscv_2/build-gcc-riscv64-unknown-linux-gnu/build-Xuantie-900-gcc-linux-5.10.4-glibc-x86_64-V2.6.1/lib-for-gcc-x86_64-linux --with-mpfr=/mnt/ssd/jenkins_iotsw/slave/workspace/Toolchain/build-gnu-riscv_2/build-gcc-riscv64-unknown-linux-gnu/build-Xuantie-900-gcc-linux-5.10.4-glibc-x86_64-V2.6.1/lib-for-gcc-x86_64-linux --with-mpc=/mnt/ssd/jenkins_iotsw/slave/workspace/Toolchain/build-gnu-riscv_2/build-gcc-riscv64-unknown-linux-gnu/build-Xuantie-900-gcc-linux-5.10.4-glibc-x86_64-V2.6.1/lib-for-gcc-x86_64-linux --with-libexpat-prefix=/mnt/ssd/jenkins_iotsw/slave/workspace/Toolchain/build-gnu-riscv_2/build-gcc-riscv64-unknown-linux-gnu/build-Xuantie-900-gcc-linux-5.10.4-glibc-x86_64-V2.6.1/lib-for-gcc-x86_64-linux --with-libmpfr-prefix=/mnt/ssd/jenkins_iotsw/slave/workspace/Toolchain/build-gnu-riscv_2/build-gcc-riscv64-unknown-linux-gnu/build-Xuantie-900-gcc-linux-5.10.4-glibc-x86_64-V2.6.1/lib-for-gcc-x86_64-linux --with-pkgversion='Xuantie-900 linux-5.10.4 glibc gcc Toolchain V2.6.1 B-20220906' CXXFLAGS='-g -O2 -DTHEAD_VERSION_NUMBER=2.6.1 ' --prefix=/mnt/ssd/jenkins_iotsw/slave/workspace/Toolchain/build-gnu-riscv_2/build-gcc-riscv64-unknown-linux-gnu/Xuantie-900-gcc-linux-5.10.4-glibc-x86_64-V2.6.1 --with-sysroot=/mnt/ssd/jenkins_iotsw/slave/workspace/Toolchain/build-gnu-riscv_2/build-gcc-riscv64-unknown-linux-gnu/Xuantie-900-gcc-linux-5.10.4-glibc-x86_64-V2.6.1/sysroot --with-system-zlib --enable-shared --enable-tls --enable-languages=c,c++,fortran --disable-libmudflap --disable-libssp --disable-libquadmath --enable-libsanitizer --disable-nls --disable-bootstrap --src=/mnt/ssd/jenkins_iotsw/slave/workspace/Toolchain/build-gnu-riscv_2/./source/riscv/riscv-gcc --enable-multilib --with-abi=lp64d --with-arch=rv64gcxthead 'CFLAGS_FOR_TARGET=-O2   -mcmodel=medany' 'CXXFLAGS_FOR_TARGET=-O2   -mcmodel=medany'
Thread model: posix
Supported LTO compression algorithms: zlib
gcc version 10.2.0 (Xuantie-900 linux-5.10.4 glibc gcc Toolchain V2.6.1 B-20220906) 
COMPILER_PATH=/iothome/hao.gao/package/toolchain_linux/Xuantie-900-gcc-linux-5.10.4-glibc-x86_64-V2.6.1/bin/../libexec/gcc/riscv64-unknown-linux-gnu/10.2.0/:/iothome/hao.gao/package/toolchain_linux/Xuantie-900-gcc-linux-5.10.4-glibc-x86_64-V2.6.1/bin/../libexec/gcc/:/iothome/hao.gao/package/toolchain_linux/Xuantie-900-gcc-linux-5.10.4-glibc-x86_64-V2.6.1/bin/../lib/gcc/riscv64-unknown-linux-gnu/10.2.0/../../../../riscv64-unknown-linux-gnu/bin/
LIBRARY_PATH=/iothome/hao.gao/package/toolchain_linux/Xuantie-900-gcc-linux-5.10.4-glibc-x86_64-V2.6.1/bin/../lib/gcc/riscv64-unknown-linux-gnu/10.2.0/lib64xthead/lp64d/:/iothome/hao.gao/package/toolchain_linux/Xuantie-900-gcc-linux-5.10.4-glibc-x86_64-V2.6.1/bin/../lib/gcc/riscv64-unknown-linux-gnu/10.2.0/../../../../riscv64-unknown-linux-gnu/lib/../lib64xthead/lp64d/:/iothome/hao.gao/package/toolchain_linux/Xuantie-900-gcc-linux-5.10.4-glibc-x86_64-V2.6.1/bin/../sysroot/lib/../lib64xthead/lp64d/:/iothome/hao.gao/package/toolchain_linux/Xuantie-900-gcc-linux-5.10.4-glibc-x86_64-V2.6.1/bin/../lib/gcc/riscv64-unknown-linux-gnu/10.2.0/:/iothome/hao.gao/package/toolchain_linux/Xuantie-900-gcc-linux-5.10.4-glibc-x86_64-V2.6.1/bin/../lib/gcc/:/iothome/hao.gao/package/toolchain_linux/Xuantie-900-gcc-linux-5.10.4-glibc-x86_64-V2.6.1/bin/../lib/gcc/riscv64-unknown-linux-gnu/10.2.0/../../../../riscv64-unknown-linux-gnu/lib/:/iothome/hao.gao/package/toolchain_linux/Xuantie-900-gcc-linux-5.10.4-glibc-x86_64-V2.6.1/bin/../sysroot/lib64xthead/lp64d/:/iothome/hao.gao/package/toolchain_linux/Xuantie-900-gcc-linux-5.10.4-glibc-x86_64-V2.6.1/bin/../sysroot/usr/lib64xthead/lp64d/:/iothome/hao.gao/package/toolchain_linux/Xuantie-900-gcc-linux-5.10.4-glibc-x86_64-V2.6.1/bin/../sysroot/lib64/lp64d/:/iothome/hao.gao/package/toolchain_linux/Xuantie-900-gcc-linux-5.10.4-glibc-x86_64-V2.6.1/bin/../sysroot/usr/lib64/lp64d/:/iothome/hao.gao/package/toolchain_linux/Xuantie-900-gcc-linux-5.10.4-glibc-x86_64-V2.6.1/bin/../sysroot/lib/
COLLECT_GCC_OPTIONS='-v' '-o' 'cmTC_6b215' '-rdynamic' '-march=rv64gcxthead' '-mabi=lp64d' '-march=rv64imafdc_xtheadc'
 /iothome/hao.gao/package/toolchain_linux/Xuantie-900-gcc-linux-5.10.4-glibc-x86_64-V2.6.1/bin/../libexec/gcc/riscv64-unknown-linux-gnu/10.2.0/collect2 -plugin /iothome/hao.gao/package/toolchain_linux/Xuantie-900-gcc-linux-5.10.4-glibc-x86_64-V2.6.1/bin/../libexec/gcc/riscv64-unknown-linux-gnu/10.2.0/liblto_plugin.so -plugin-opt=/iothome/hao.gao/package/toolchain_linux/Xuantie-900-gcc-linux-5.10.4-glibc-x86_64-V2.6.1/bin/../libexec/gcc/riscv64-unknown-linux-gnu/10.2.0/lto-wrapper -plugin-opt=-fresolution=/tmp/cc34zN7X.res -plugin-opt=-pass-through=-lgcc -plugin-opt=-pass-through=-lgcc_s -plugin-opt=-pass-through=-lc -plugin-opt=-pass-through=-lgcc -plugin-opt=-pass-through=-lgcc_s --sysroot=/iothome/hao.gao/package/toolchain_linux/Xuantie-900-gcc-linux-5.10.4-glibc-x86_64-V2.6.1/bin/../sysroot --eh-frame-hdr -melf64lriscv -export-dynamic -dynamic-linker /lib/ld-linux-riscv64xthead-lp64d.so.1 -o cmTC_6b215 /iothome/hao.gao/package/toolchain_linux/Xuantie-900-gcc-linux-5.10.4-glibc-x86_64-V2.6.1/bin/../sysroot/usr/lib64xthead/lp64d/crt1.o /iothome/hao.gao/package/toolchain_linux/Xuantie-900-gcc-linux-5.10.4-glibc-x86_64-V2.6.1/bin/../lib/gcc/riscv64-unknown-linux-gnu/10.2.0/lib64xthead/lp64d/crti.o /iothome/hao.gao/package/toolchain_linux/Xuantie-900-gcc-linux-5.10.4-glibc-x86_64-V2.6.1/bin/../lib/gcc/riscv64-unknown-linux-gnu/10.2.0/lib64xthead/lp64d/crtbegin.o -L/iothome/hao.gao/package/toolchain_linux/Xuantie-900-gcc-linux-5.10.4-glibc-x86_64-V2.6.1/bin/../lib/gcc/riscv64-unknown-linux-gnu/10.2.0/lib64xthead/lp64d -L/iothome/hao.gao/package/toolchain_linux/Xuantie-900-gcc-linux-5.10.4-glibc-x86_64-V2.6.1/bin/../lib/gcc/riscv64-unknown-linux-gnu/10.2.0/../../../../riscv64-unknown-linux-gnu/lib/../lib64xthead/lp64d -L/iothome/hao.gao/package/toolchain_linux/Xuantie-900-gcc-linux-5.10.4-glibc-x86_64-V2.6.1/bin/../sysroot/lib/../lib64xthead/lp64d -L/iothome/hao.gao/package/toolchain_linux/Xuantie-900-gcc-linux-5.10.4-glibc-x86_64-V2.6.1/bin/../lib/gcc/riscv64-unknown-linux-gnu/10.2.0 -L/iothome/hao.gao/package/toolchain_linux/Xuantie-900-gcc-linux-5.10.4-glibc-x86_64-V2.6.1/bin/../lib/gcc -L/iothome/hao.gao/package/toolchain_linux/Xuantie-900-gcc-linux-5.10.4-glibc-x86_64-V2.6.1/bin/../lib/gcc/riscv64-unknown-linux-gnu/10.2.0/../../../../riscv64-unknown-linux-gnu/lib -L/iothome/hao.gao/package/toolchain_linux/Xuantie-900-gcc-linux-5.10.4-glibc-x86_64-V2.6.1/bin/../sysroot/lib64xthead/lp64d -L/iothome/hao.gao/package/toolchain_linux/Xuantie-900-gcc-linux-5.10.4-glibc-x86_64-V2.6.1/bin/../sysroot/usr/lib64xthead/lp64d -L/iothome/hao.gao/package/toolchain_linux/Xuantie-900-gcc-linux-5.10.4-glibc-x86_64-V2.6.1/bin/../sysroot/lib64/lp64d -L/iothome/hao.gao/package/toolchain_linux/Xuantie-900-gcc-linux-5.10.4-glibc-x86_64-V2.6.1/bin/../sysroot/usr/lib64/lp64d -L/iothome/hao.gao/package/toolchain_linux/Xuantie-900-gcc-linux-5.10.4-glibc-x86_64-V2.6.1/bin/../sysroot/lib CMakeFiles/cmTC_6b215.dir/CMakeCCompilerABI.c.o -lgcc --push-state --as-needed -lgcc_s --pop-state -lc -lgcc --push-state --as-needed -lgcc_s --pop-state /iothome/hao.gao/package/toolchain_linux/Xuantie-900-gcc-linux-5.10.4-glibc-x86_64-V2.6.1/bin/../lib/gcc/riscv64-unknown-linux-gnu/10.2.0/lib64xthead/lp64d/crtend.o /iothome/hao.gao/package/toolchain_linux/Xuantie-900-gcc-linux-5.10.4-glibc-x86_64-V2.6.1/bin/../lib/gcc/riscv64-unknown-linux-gnu/10.2.0/lib64xthead/lp64d/crtn.o
COLLECT_GCC_OPTIONS='-v' '-o' 'cmTC_6b215' '-rdynamic' '-march=rv64gcxthead' '-mabi=lp64d' '-march=rv64imafdc_xtheadc'
make[2]: warning:  Clock skew detected.  Your build may be incomplete.
make[2]: Leaving directory '/iothome/hao.gao/github_pro/my_ssp/SSP/example_riscv_linux_build/CMakeFiles/CMakeTmp'
make[1]: warning:  Clock skew detected.  Your build may be incomplete.
make[1]: Leaving directory '/iothome/hao.gao/github_pro/my_ssp/SSP/example_riscv_linux_build/CMakeFiles/CMakeTmp'


Parsed C implicit link information from above output:
  link line regex: [^( *|.*[/\])(ld|([^/\]+-)?ld|collect2)[^/\]*( |$)]
  ignore line: [Change Dir: /iothome/hao.gao/github_pro/my_ssp/SSP/example_riscv_linux_build/CMakeFiles/CMakeTmp]
  ignore line: []
  ignore line: [Run Build Command:"/usr/bin/make" "cmTC_6b215/fast"]
  ignore line: [make[1]: Entering directory '/iothome/hao.gao/github_pro/my_ssp/SSP/example_riscv_linux_build/CMakeFiles/CMakeTmp']
  ignore line: [make[1]: Warning: File 'Makefile' has modification time 3.5 s in the future]
  ignore line: [/usr/bin/make -f CMakeFiles/cmTC_6b215.dir/build.make CMakeFiles/cmTC_6b215.dir/build]
  ignore line: [make[2]: Entering directory '/iothome/hao.gao/github_pro/my_ssp/SSP/example_riscv_linux_build/CMakeFiles/CMakeTmp']
  ignore line: [make[2]: Warning: File 'CMakeFiles/cmTC_6b215.dir/flags.make' has modification time 3.5 s in the future]
  ignore line: [Building C object CMakeFiles/cmTC_6b215.dir/CMakeCCompilerABI.c.o]
  ignore line: [/iothome/hao.gao/package/toolchain_linux/Xuantie-900-gcc-linux-5.10.4-glibc-x86_64-V2.6.1/bin/riscv64-unknown-linux-gnu-gcc     -o CMakeFiles/cmTC_6b215.dir/CMakeCCompilerABI.c.o   -c /usr/local/share/cmake-3.5/Modules/CMakeCCompilerABI.c]
  ignore line: [Linking C executable cmTC_6b215]
  ignore line: [/usr/local/bin/cmake -E cmake_link_script CMakeFiles/cmTC_6b215.dir/link.txt --verbose=1]
  ignore line: [/iothome/hao.gao/package/toolchain_linux/Xuantie-900-gcc-linux-5.10.4-glibc-x86_64-V2.6.1/bin/riscv64-unknown-linux-gnu-gcc      -v CMakeFiles/cmTC_6b215.dir/CMakeCCompilerABI.c.o  -o cmTC_6b215 -rdynamic  ]
  ignore line: [Using built-in specs.]
  ignore line: [COLLECT_GCC=/iothome/hao.gao/package/toolchain_linux/Xuantie-900-gcc-linux-5.10.4-glibc-x86_64-V2.6.1/bin/riscv64-unknown-linux-gnu-gcc]
  ignore line: [COLLECT_LTO_WRAPPER=/iothome/hao.gao/package/toolchain_linux/Xuantie-900-gcc-linux-5.10.4-glibc-x86_64-V2.6.1/bin/../libexec/gcc/riscv64-unknown-linux-gnu/10.2.0/lto-wrapper]
  ignore line: [Target: riscv64-unknown-linux-gnu]
  ignore line: [Configured with: /mnt/ssd/jenkins_iotsw/slave/workspace/Toolchain/build-gnu-riscv_2/./source/riscv/riscv-gcc/configure --target=riscv64-unknown-linux-gnu --with-gmp=/mnt/ssd/jenkins_iotsw/slave/workspace/Toolchain/build-gnu-riscv_2/build-gcc-riscv64-unknown-linux-gnu/build-Xuantie-900-gcc-linux-5.10.4-glibc-x86_64-V2.6.1/lib-for-gcc-x86_64-linux --with-mpfr=/mnt/ssd/jenkins_iotsw/slave/workspace/Toolchain/build-gnu-riscv_2/build-gcc-riscv64-unknown-linux-gnu/build-Xuantie-900-gcc-linux-5.10.4-glibc-x86_64-V2.6.1/lib-for-gcc-x86_64-linux --with-mpc=/mnt/ssd/jenkins_iotsw/slave/workspace/Toolchain/build-gnu-riscv_2/build-gcc-riscv64-unknown-linux-gnu/build-Xuantie-900-gcc-linux-5.10.4-glibc-x86_64-V2.6.1/lib-for-gcc-x86_64-linux --with-libexpat-prefix=/mnt/ssd/jenkins_iotsw/slave/workspace/Toolchain/build-gnu-riscv_2/build-gcc-riscv64-unknown-linux-gnu/build-Xuantie-900-gcc-linux-5.10.4-glibc-x86_64-V2.6.1/lib-for-gcc-x86_64-linux --with-libmpfr-prefix=/mnt/ssd/jenkins_iotsw/slave/workspace/Toolchain/build-gnu-riscv_2/build-gcc-riscv64-unknown-linux-gnu/build-Xuantie-900-gcc-linux-5.10.4-glibc-x86_64-V2.6.1/lib-for-gcc-x86_64-linux --with-pkgversion='Xuantie-900 linux-5.10.4 glibc gcc Toolchain V2.6.1 B-20220906' CXXFLAGS='-g -O2 -DTHEAD_VERSION_NUMBER=2.6.1 ' --prefix=/mnt/ssd/jenkins_iotsw/slave/workspace/Toolchain/build-gnu-riscv_2/build-gcc-riscv64-unknown-linux-gnu/Xuantie-900-gcc-linux-5.10.4-glibc-x86_64-V2.6.1 --with-sysroot=/mnt/ssd/jenkins_iotsw/slave/workspace/Toolchain/build-gnu-riscv_2/build-gcc-riscv64-unknown-linux-gnu/Xuantie-900-gcc-linux-5.10.4-glibc-x86_64-V2.6.1/sysroot --with-system-zlib --enable-shared --enable-tls --enable-languages=c,c++,fortran --disable-libmudflap --disable-libssp --disable-libquadmath --enable-libsanitizer --disable-nls --disable-bootstrap --src=/mnt/ssd/jenkins_iotsw/slave/workspace/Toolchain/build-gnu-riscv_2/./source/riscv/riscv-gcc --enable-multilib --with-abi=lp64d --with-arch=rv64gcxthead 'CFLAGS_FOR_TARGET=-O2   -mcmodel=medany' 'CXXFLAGS_FOR_TARGET=-O2   -mcmodel=medany']
  ignore line: [Thread model: posix]
  ignore line: [Supported LTO compression algorithms: zlib]
  ignore line: [gcc version 10.2.0 (Xuantie-900 linux-5.10.4 glibc gcc Toolchain V2.6.1 B-20220906) ]
  ignore line: [COMPILER_PATH=/iothome/hao.gao/package/toolchain_linux/Xuantie-900-gcc-linux-5.10.4-glibc-x86_64-V2.6.1/bin/../libexec/gcc/riscv64-unknown-linux-gnu/10.2.0/:/iothome/hao.gao/package/toolchain_linux/Xuantie-900-gcc-linux-5.10.4-glibc-x86_64-V2.6.1/bin/../libexec/gcc/:/iothome/hao.gao/package/toolchain_linux/Xuantie-900-gcc-linux-5.10.4-glibc-x86_64-V2.6.1/bin/../lib/gcc/riscv64-unknown-linux-gnu/10.2.0/../../../../riscv64-unknown-linux-gnu/bin/]
  ignore line: [LIBRARY_PATH=/iothome/hao.gao/package/toolchain_linux/Xuantie-900-gcc-linux-5.10.4-glibc-x86_64-V2.6.1/bin/../lib/gcc/riscv64-unknown-linux-gnu/10.2.0/lib64xthead/lp64d/:/iothome/hao.gao/package/toolchain_linux/Xuantie-900-gcc-linux-5.10.4-glibc-x86_64-V2.6.1/bin/../lib/gcc/riscv64-unknown-linux-gnu/10.2.0/../../../../riscv64-unknown-linux-gnu/lib/../lib64xthead/lp64d/:/iothome/hao.gao/package/toolchain_linux/Xuantie-900-gcc-linux-5.10.4-glibc-x86_64-V2.6.1/bin/../sysroot/lib/../lib64xthead/lp64d/:/iothome/hao.gao/package/toolchain_linux/Xuantie-900-gcc-linux-5.10.4-glibc-x86_64-V2.6.1/bin/../lib/gcc/riscv64-unknown-linux-gnu/10.2.0/:/iothome/hao.gao/package/toolchain_linux/Xuantie-900-gcc-linux-5.10.4-glibc-x86_64-V2.6.1/bin/../lib/gcc/:/iothome/hao.gao/package/toolchain_linux/Xuantie-900-gcc-linux-5.10.4-glibc-x86_64-V2.6.1/bin/../lib/gcc/riscv64-unknown-linux-gnu/10.2.0/../../../../riscv64-unknown-linux-gnu/lib/:/iothome/hao.gao/package/toolchain_linux/Xuantie-900-gcc-linux-5.10.4-glibc-x86_64-V2.6.1/bin/../sysroot/lib64xthead/lp64d/:/iothome/hao.gao/package/toolchain_linux/Xuantie-900-gcc-linux-5.10.4-glibc-x86_64-V2.6.1/bin/../sysroot/usr/lib64xthead/lp64d/:/iothome/hao.gao/package/toolchain_linux/Xuantie-900-gcc-linux-5.10.4-glibc-x86_64-V2.6.1/bin/../sysroot/lib64/lp64d/:/iothome/hao.gao/package/toolchain_linux/Xuantie-900-gcc-linux-5.10.4-glibc-x86_64-V2.6.1/bin/../sysroot/usr/lib64/lp64d/:/iothome/hao.gao/package/toolchain_linux/Xuantie-900-gcc-linux-5.10.4-glibc-x86_64-V2.6.1/bin/../sysroot/lib/]
  ignore line: [COLLECT_GCC_OPTIONS='-v' '-o' 'cmTC_6b215' '-rdynamic' '-march=rv64gcxthead' '-mabi=lp64d' '-march=rv64imafdc_xtheadc']
  link line: [ /iothome/hao.gao/package/toolchain_linux/Xuantie-900-gcc-linux-5.10.4-glibc-x86_64-V2.6.1/bin/../libexec/gcc/riscv64-unknown-linux-gnu/10.2.0/collect2 -plugin /iothome/hao.gao/package/toolchain_linux/Xuantie-900-gcc-linux-5.10.4-glibc-x86_64-V2.6.1/bin/../libexec/gcc/riscv64-unknown-linux-gnu/10.2.0/liblto_plugin.so -plugin-opt=/iothome/hao.gao/package/toolchain_linux/Xuantie-900-gcc-linux-5.10.4-glibc-x86_64-V2.6.1/bin/../libexec/gcc/riscv64-unknown-linux-gnu/10.2.0/lto-wrapper -plugin-opt=-fresolution=/tmp/cc34zN7X.res -plugin-opt=-pass-through=-lgcc -plugin-opt=-pass-through=-lgcc_s -plugin-opt=-pass-through=-lc -plugin-opt=-pass-through=-lgcc -plugin-opt=-pass-through=-lgcc_s --sysroot=/iothome/hao.gao/package/toolchain_linux/Xuantie-900-gcc-linux-5.10.4-glibc-x86_64-V2.6.1/bin/../sysroot --eh-frame-hdr -melf64lriscv -export-dynamic -dynamic-linker /lib/ld-linux-riscv64xthead-lp64d.so.1 -o cmTC_6b215 /iothome/hao.gao/package/toolchain_linux/Xuantie-900-gcc-linux-5.10.4-glibc-x86_64-V2.6.1/bin/../sysroot/usr/lib64xthead/lp64d/crt1.o /iothome/hao.gao/package/toolchain_linux/Xuantie-900-gcc-linux-5.10.4-glibc-x86_64-V2.6.1/bin/../lib/gcc/riscv64-unknown-linux-gnu/10.2.0/lib64xthead/lp64d/crti.o /iothome/hao.gao/package/toolchain_linux/Xuantie-900-gcc-linux-5.10.4-glibc-x86_64-V2.6.1/bin/../lib/gcc/riscv64-unknown-linux-gnu/10.2.0/lib64xthead/lp64d/crtbegin.o -L/iothome/hao.gao/package/toolchain_linux/Xuantie-900-gcc-linux-5.10.4-glibc-x86_64-V2.6.1/bin/../lib/gcc/riscv64-unknown-linux-gnu/10.2.0/lib64xthead/lp64d -L/iothome/hao.gao/package/toolchain_linux/Xuantie-900-gcc-linux-5.10.4-glibc-x86_64-V2.6.1/bin/../lib/gcc/riscv64-unknown-linux-gnu/10.2.0/../../../../riscv64-unknown-linux-gnu/lib/../lib64xthead/lp64d -L/iothome/hao.gao/package/toolchain_linux/Xuantie-900-gcc-linux-5.10.4-glibc-x86_64-V2.6.1/bin/../sysroot/lib/../lib64xthead/lp64d -L/iothome/hao.gao/package/toolchain_linux/Xuantie-900-gcc-linux-5.10.4-glibc-x86_64-V2.6.1/bin/../lib/gcc/riscv64-unknown-linux-gnu/10.2.0 -L/iothome/hao.gao/package/toolchain_linux/Xuantie-900-gcc-linux-5.10.4-glibc-x86_64-V2.6.1/bin/../lib/gcc -L/iothome/hao.gao/package/toolchain_linux/Xuantie-900-gcc-linux-5.10.4-glibc-x86_64-V2.6.1/bin/../lib/gcc/riscv64-unknown-linux-gnu/10.2.0/../../../../riscv64-unknown-linux-gnu/lib -L/iothome/hao.gao/package/toolchain_linux/Xuantie-900-gcc-linux-5.10.4-glibc-x86_64-V2.6.1/bin/../sysroot/lib64xthead/lp64d -L/iothome/hao.gao/package/toolchain_linux/Xuantie-900-gcc-linux-5.10.4-glibc-x86_64-V2.6.1/bin/../sysroot/usr/lib64xthead/lp64d -L/iothome/hao.gao/package/toolchain_linux/Xuantie-900-gcc-linux-5.10.4-glibc-x86_64-V2.6.1/bin/../sysroot/lib64/lp64d -L/iothome/hao.gao/package/toolchain_linux/Xuantie-900-gcc-linux-5.10.4-glibc-x86_64-V2.6.1/bin/../sysroot/usr/lib64/lp64d -L/iothome/hao.gao/package/toolchain_linux/Xuantie-900-gcc-linux-5.10.4-glibc-x86_64-V2.6.1/bin/../sysroot/lib CMakeFiles/cmTC_6b215.dir/CMakeCCompilerABI.c.o -lgcc --push-state --as-needed -lgcc_s --pop-state -lc -lgcc --push-state --as-needed -lgcc_s --pop-state /iothome/hao.gao/package/toolchain_linux/Xuantie-900-gcc-linux-5.10.4-glibc-x86_64-V2.6.1/bin/../lib/gcc/riscv64-unknown-linux-gnu/10.2.0/lib64xthead/lp64d/crtend.o /iothome/hao.gao/package/toolchain_linux/Xuantie-900-gcc-linux-5.10.4-glibc-x86_64-V2.6.1/bin/../lib/gcc/riscv64-unknown-linux-gnu/10.2.0/lib64xthead/lp64d/crtn.o]
    arg [/iothome/hao.gao/package/toolchain_linux/Xuantie-900-gcc-linux-5.10.4-glibc-x86_64-V2.6.1/bin/../libexec/gcc/riscv64-unknown-linux-gnu/10.2.0/collect2] ==> ignore
    arg [-plugin] ==> ignore
    arg [/iothome/hao.gao/package/toolchain_linux/Xuantie-900-gcc-linux-5.10.4-glibc-x86_64-V2.6.1/bin/../libexec/gcc/riscv64-unknown-linux-gnu/10.2.0/liblto_plugin.so] ==> ignore
    arg [-plugin-opt=/iothome/hao.gao/package/toolchain_linux/Xuantie-900-gcc-linux-5.10.4-glibc-x86_64-V2.6.1/bin/../libexec/gcc/riscv64-unknown-linux-gnu/10.2.0/lto-wrapper] ==> ignore
    arg [-plugin-opt=-fresolution=/tmp/cc34zN7X.res] ==> ignore
    arg [-plugin-opt=-pass-through=-lgcc] ==> ignore
    arg [-plugin-opt=-pass-through=-lgcc_s] ==> ignore
    arg [-plugin-opt=-pass-through=-lc] ==> ignore
    arg [-plugin-opt=-pass-through=-lgcc] ==> ignore
    arg [-plugin-opt=-pass-through=-lgcc_s] ==> ignore
    arg [--sysroot=/iothome/hao.gao/package/toolchain_linux/Xuantie-900-gcc-linux-5.10.4-glibc-x86_64-V2.6.1/bin/../sysroot] ==> ignore
    arg [--eh-frame-hdr] ==> ignore
    arg [-melf64lriscv] ==> ignore
    arg [-export-dynamic] ==> ignore
    arg [-dynamic-linker] ==> ignore
    arg [/lib/ld-linux-riscv64xthead-lp64d.so.1] ==> ignore
    arg [-o] ==> ignore
    arg [cmTC_6b215] ==> ignore
    arg [/iothome/hao.gao/package/toolchain_linux/Xuantie-900-gcc-linux-5.10.4-glibc-x86_64-V2.6.1/bin/../sysroot/usr/lib64xthead/lp64d/crt1.o] ==> ignore
    arg [/iothome/hao.gao/package/toolchain_linux/Xuantie-900-gcc-linux-5.10.4-glibc-x86_64-V2.6.1/bin/../lib/gcc/riscv64-unknown-linux-gnu/10.2.0/lib64xthead/lp64d/crti.o] ==> ignore
    arg [/iothome/hao.gao/package/toolchain_linux/Xuantie-900-gcc-linux-5.10.4-glibc-x86_64-V2.6.1/bin/../lib/gcc/riscv64-unknown-linux-gnu/10.2.0/lib64xthead/lp64d/crtbegin.o] ==> ignore
    arg [-L/iothome/hao.gao/package/toolchain_linux/Xuantie-900-gcc-linux-5.10.4-glibc-x86_64-V2.6.1/bin/../lib/gcc/riscv64-unknown-linux-gnu/10.2.0/lib64xthead/lp64d] ==> dir [/iothome/hao.gao/package/toolchain_linux/Xuantie-900-gcc-linux-5.10.4-glibc-x86_64-V2.6.1/bin/../lib/gcc/riscv64-unknown-linux-gnu/10.2.0/lib64xthead/lp64d]
    arg [-L/iothome/hao.gao/package/toolchain_linux/Xuantie-900-gcc-linux-5.10.4-glibc-x86_64-V2.6.1/bin/../lib/gcc/riscv64-unknown-linux-gnu/10.2.0/../../../../riscv64-unknown-linux-gnu/lib/../lib64xthead/lp64d] ==> dir [/iothome/hao.gao/package/toolchain_linux/Xuantie-900-gcc-linux-5.10.4-glibc-x86_64-V2.6.1/bin/../lib/gcc/riscv64-unknown-linux-gnu/10.2.0/../../../../riscv64-unknown-linux-gnu/lib/../lib64xthead/lp64d]
    arg [-L/iothome/hao.gao/package/toolchain_linux/Xuantie-900-gcc-linux-5.10.4-glibc-x86_64-V2.6.1/bin/../sysroot/lib/../lib64xthead/lp64d] ==> dir [/iothome/hao.gao/package/toolchain_linux/Xuantie-900-gcc-linux-5.10.4-glibc-x86_64-V2.6.1/bin/../sysroot/lib/../lib64xthead/lp64d]
    arg [-L/iothome/hao.gao/package/toolchain_linux/Xuantie-900-gcc-linux-5.10.4-glibc-x86_64-V2.6.1/bin/../lib/gcc/riscv64-unknown-linux-gnu/10.2.0] ==> dir [/iothome/hao.gao/package/toolchain_linux/Xuantie-900-gcc-linux-5.10.4-glibc-x86_64-V2.6.1/bin/../lib/gcc/riscv64-unknown-linux-gnu/10.2.0]
    arg [-L/iothome/hao.gao/package/toolchain_linux/Xuantie-900-gcc-linux-5.10.4-glibc-x86_64-V2.6.1/bin/../lib/gcc] ==> dir [/iothome/hao.gao/package/toolchain_linux/Xuantie-900-gcc-linux-5.10.4-glibc-x86_64-V2.6.1/bin/../lib/gcc]
    arg [-L/iothome/hao.gao/package/toolchain_linux/Xuantie-900-gcc-linux-5.10.4-glibc-x86_64-V2.6.1/bin/../lib/gcc/riscv64-unknown-linux-gnu/10.2.0/../../../../riscv64-unknown-linux-gnu/lib] ==> dir [/iothome/hao.gao/package/toolchain_linux/Xuantie-900-gcc-linux-5.10.4-glibc-x86_64-V2.6.1/bin/../lib/gcc/riscv64-unknown-linux-gnu/10.2.0/../../../../riscv64-unknown-linux-gnu/lib]
    arg [-L/iothome/hao.gao/package/toolchain_linux/Xuantie-900-gcc-linux-5.10.4-glibc-x86_64-V2.6.1/bin/../sysroot/lib64xthead/lp64d] ==> dir [/iothome/hao.gao/package/toolchain_linux/Xuantie-900-gcc-linux-5.10.4-glibc-x86_64-V2.6.1/bin/../sysroot/lib64xthead/lp64d]
    arg [-L/iothome/hao.gao/package/toolchain_linux/Xuantie-900-gcc-linux-5.10.4-glibc-x86_64-V2.6.1/bin/../sysroot/usr/lib64xthead/lp64d] ==> dir [/iothome/hao.gao/package/toolchain_linux/Xuantie-900-gcc-linux-5.10.4-glibc-x86_64-V2.6.1/bin/../sysroot/usr/lib64xthead/lp64d]
    arg [-L/iothome/hao.gao/package/toolchain_linux/Xuantie-900-gcc-linux-5.10.4-glibc-x86_64-V2.6.1/bin/../sysroot/lib64/lp64d] ==> dir [/iothome/hao.gao/package/toolchain_linux/Xuantie-900-gcc-linux-5.10.4-glibc-x86_64-V2.6.1/bin/../sysroot/lib64/lp64d]
    arg [-L/iothome/hao.gao/package/toolchain_linux/Xuantie-900-gcc-linux-5.10.4-glibc-x86_64-V2.6.1/bin/../sysroot/usr/lib64/lp64d] ==> dir [/iothome/hao.gao/package/toolchain_linux/Xuantie-900-gcc-linux-5.10.4-glibc-x86_64-V2.6.1/bin/../sysroot/usr/lib64/lp64d]
    arg [-L/iothome/hao.gao/package/toolchain_linux/Xuantie-900-gcc-linux-5.10.4-glibc-x86_64-V2.6.1/bin/../sysroot/lib] ==> dir [/iothome/hao.gao/package/toolchain_linux/Xuantie-900-gcc-linux-5.10.4-glibc-x86_64-V2.6.1/bin/../sysroot/lib]
    arg [CMakeFiles/cmTC_6b215.dir/CMakeCCompilerABI.c.o] ==> ignore
    arg [-lgcc] ==> lib [gcc]
    arg [--push-state] ==> ignore
    arg [--as-needed] ==> ignore
    arg [-lgcc_s] ==> lib [gcc_s]
    arg [--pop-state] ==> ignore
    arg [-lc] ==> lib [c]
    arg [-lgcc] ==> lib [gcc]
    arg [--push-state] ==> ignore
    arg [--as-needed] ==> ignore
    arg [-lgcc_s] ==> lib [gcc_s]
    arg [--pop-state] ==> ignore
    arg [/iothome/hao.gao/package/toolchain_linux/Xuantie-900-gcc-linux-5.10.4-glibc-x86_64-V2.6.1/bin/../lib/gcc/riscv64-unknown-linux-gnu/10.2.0/lib64xthead/lp64d/crtend.o] ==> ignore
    arg [/iothome/hao.gao/package/toolchain_linux/Xuantie-900-gcc-linux-5.10.4-glibc-x86_64-V2.6.1/bin/../lib/gcc/riscv64-unknown-linux-gnu/10.2.0/lib64xthead/lp64d/crtn.o] ==> ignore
  remove lib [gcc]
  remove lib [gcc_s]
  remove lib [gcc]
  remove lib [gcc_s]
  collapse library dir [/iothome/hao.gao/package/toolchain_linux/Xuantie-900-gcc-linux-5.10.4-glibc-x86_64-V2.6.1/bin/../lib/gcc/riscv64-unknown-linux-gnu/10.2.0/lib64xthead/lp64d] ==> [/iothome/hao.gao/package/toolchain_linux/Xuantie-900-gcc-linux-5.10.4-glibc-x86_64-V2.6.1/lib/gcc/riscv64-unknown-linux-gnu/10.2.0/lib64xthead/lp64d]
  collapse library dir [/iothome/hao.gao/package/toolchain_linux/Xuantie-900-gcc-linux-5.10.4-glibc-x86_64-V2.6.1/bin/../lib/gcc/riscv64-unknown-linux-gnu/10.2.0/../../../../riscv64-unknown-linux-gnu/lib/../lib64xthead/lp64d] ==> [/iothome/hao.gao/package/toolchain_linux/Xuantie-900-gcc-linux-5.10.4-glibc-x86_64-V2.6.1/riscv64-unknown-linux-gnu/lib64xthead/lp64d]
  collapse library dir [/iothome/hao.gao/package/toolchain_linux/Xuantie-900-gcc-linux-5.10.4-glibc-x86_64-V2.6.1/bin/../sysroot/lib/../lib64xthead/lp64d] ==> [/iothome/hao.gao/package/toolchain_linux/Xuantie-900-gcc-linux-5.10.4-glibc-x86_64-V2.6.1/sysroot/lib64xthead/lp64d]
  collapse library dir [/iothome/hao.gao/package/toolchain_linux/Xuantie-900-gcc-linux-5.10.4-glibc-x86_64-V2.6.1/bin/../lib/gcc/riscv64-unknown-linux-gnu/10.2.0] ==> [/iothome/hao.gao/package/toolchain_linux/Xuantie-900-gcc-linux-5.10.4-glibc-x86_64-V2.6.1/lib/gcc/riscv64-unknown-linux-gnu/10.2.0]
  collapse library dir [/iothome/hao.gao/package/toolchain_linux/Xuantie-900-gcc-linux-5.10.4-glibc-x86_64-V2.6.1/bin/../lib/gcc] ==> [/iothome/hao.gao/package/toolchain_linux/Xuantie-900-gcc-linux-5.10.4-glibc-x86_64-V2.6.1/lib/gcc]
  collapse library dir [/iothome/hao.gao/package/toolchain_linux/Xuantie-900-gcc-linux-5.10.4-glibc-x86_64-V2.6.1/bin/../lib/gcc/riscv64-unknown-linux-gnu/10.2.0/../../../../riscv64-unknown-linux-gnu/lib] ==> [/iothome/hao.gao/package/toolchain_linux/Xuantie-900-gcc-linux-5.10.4-glibc-x86_64-V2.6.1/riscv64-unknown-linux-gnu/lib]
  collapse library dir [/iothome/hao.gao/package/toolchain_linux/Xuantie-900-gcc-linux-5.10.4-glibc-x86_64-V2.6.1/bin/../sysroot/lib64xthead/lp64d] ==> [/iothome/hao.gao/package/toolchain_linux/Xuantie-900-gcc-linux-5.10.4-glibc-x86_64-V2.6.1/sysroot/lib64xthead/lp64d]
  collapse library dir [/iothome/hao.gao/package/toolchain_linux/Xuantie-900-gcc-linux-5.10.4-glibc-x86_64-V2.6.1/bin/../sysroot/usr/lib64xthead/lp64d] ==> [/iothome/hao.gao/package/toolchain_linux/Xuantie-900-gcc-linux-5.10.4-glibc-x86_64-V2.6.1/sysroot/usr/lib64xthead/lp64d]
  collapse library dir [/iothome/hao.gao/package/toolchain_linux/Xuantie-900-gcc-linux-5.10.4-glibc-x86_64-V2.6.1/bin/../sysroot/lib64/lp64d] ==> [/iothome/hao.gao/package/toolchain_linux/Xuantie-900-gcc-linux-5.10.4-glibc-x86_64-V2.6.1/sysroot/lib64/lp64d]
  collapse library dir [/iothome/hao.gao/package/toolchain_linux/Xuantie-900-gcc-linux-5.10.4-glibc-x86_64-V2.6.1/bin/../sysroot/usr/lib64/lp64d] ==> [/iothome/hao.gao/package/toolchain_linux/Xuantie-900-gcc-linux-5.10.4-glibc-x86_64-V2.6.1/sysroot/usr/lib64/lp64d]
  collapse library dir [/iothome/hao.gao/package/toolchain_linux/Xuantie-900-gcc-linux-5.10.4-glibc-x86_64-V2.6.1/bin/../sysroot/lib] ==> [/iothome/hao.gao/package/toolchain_linux/Xuantie-900-gcc-linux-5.10.4-glibc-x86_64-V2.6.1/sysroot/lib]
  implicit libs: [c]
  implicit dirs: [/iothome/hao.gao/package/toolchain_linux/Xuantie-900-gcc-linux-5.10.4-glibc-x86_64-V2.6.1/lib/gcc/riscv64-unknown-linux-gnu/10.2.0/lib64xthead/lp64d;/iothome/hao.gao/package/toolchain_linux/Xuantie-900-gcc-linux-5.10.4-glibc-x86_64-V2.6.1/riscv64-unknown-linux-gnu/lib64xthead/lp64d;/iothome/hao.gao/package/toolchain_linux/Xuantie-900-gcc-linux-5.10.4-glibc-x86_64-V2.6.1/sysroot/lib64xthead/lp64d;/iothome/hao.gao/package/toolchain_linux/Xuantie-900-gcc-linux-5.10.4-glibc-x86_64-V2.6.1/lib/gcc/riscv64-unknown-linux-gnu/10.2.0;/iothome/hao.gao/package/toolchain_linux/Xuantie-900-gcc-linux-5.10.4-glibc-x86_64-V2.6.1/lib/gcc;/iothome/hao.gao/package/toolchain_linux/Xuantie-900-gcc-linux-5.10.4-glibc-x86_64-V2.6.1/riscv64-unknown-linux-gnu/lib;/iothome/hao.gao/package/toolchain_linux/Xuantie-900-gcc-linux-5.10.4-glibc-x86_64-V2.6.1/sysroot/usr/lib64xthead/lp64d;/iothome/hao.gao/package/toolchain_linux/Xuantie-900-gcc-linux-5.10.4-glibc-x86_64-V2.6.1/sysroot/lib64/lp64d;/iothome/hao.gao/package/toolchain_linux/Xuantie-900-gcc-linux-5.10.4-glibc-x86_64-V2.6.1/sysroot/usr/lib64/lp64d;/iothome/hao.gao/package/toolchain_linux/Xuantie-900-gcc-linux-5.10.4-glibc-x86_64-V2.6.1/sysroot/lib]
  implicit fwks: []




Detecting C [-std=c11] compiler features compiled with the following output:
Change Dir: /iothome/hao.gao/github_pro/my_ssp/SSP/example_riscv_linux_build/CMakeFiles/CMakeTmp

Run Build Command:"/usr/bin/make" "cmTC_2b690/fast"
make[1]: Entering directory '/iothome/hao.gao/github_pro/my_ssp/SSP/example_riscv_linux_build/CMakeFiles/CMakeTmp'
make[1]: Warning: File 'Makefile' has modification time 3.5 s in the future
/usr/bin/make -f CMakeFiles/cmTC_2b690.dir/build.make CMakeFiles/cmTC_2b690.dir/build
make[2]: Entering directory '/iothome/hao.gao/github_pro/my_ssp/SSP/example_riscv_linux_build/CMakeFiles/CMakeTmp'
make[2]: Warning: File 'CMakeFiles/cmTC_2b690.dir/flags.make' has modification time 3.5 s in the future
Building C object CMakeFiles/cmTC_2b690.dir/feature_tests.c.o
/iothome/hao.gao/package/toolchain_linux/Xuantie-900-gcc-linux-5.10.4-glibc-x86_64-V2.6.1/bin/riscv64-unknown-linux-gnu-gcc    -std=c11 -o CMakeFiles/cmTC_2b690.dir/feature_tests.c.o   -c /iothome/hao.gao/github_pro/my_ssp/SSP/example_riscv_linux_build/CMakeFiles/feature_tests.c
Linking C executable cmTC_2b690
/usr/local/bin/cmake -E cmake_link_script CMakeFiles/cmTC_2b690.dir/link.txt --verbose=1
/iothome/hao.gao/package/toolchain_linux/Xuantie-900-gcc-linux-5.10.4-glibc-x86_64-V2.6.1/bin/riscv64-unknown-linux-gnu-gcc       CMakeFiles/cmTC_2b690.dir/feature_tests.c.o  -o cmTC_2b690 -rdynamic 
make[2]: warning:  Clock skew detected.  Your build may be incomplete.
make[2]: Leaving directory '/iothome/hao.gao/github_pro/my_ssp/SSP/example_riscv_linux_build/CMakeFiles/CMakeTmp'
make[1]: warning:  Clock skew detected.  Your build may be incomplete.
make[1]: Leaving directory '/iothome/hao.gao/github_pro/my_ssp/SSP/example_riscv_linux_build/CMakeFiles/CMakeTmp'


    Feature record: C_FEATURE:1c_function_prototypes
    Feature record: C_FEATURE:1c_restrict
    Feature record: C_FEATURE:1c_static_assert
    Feature record: C_FEATURE:1c_variadic_macros


Detecting C [-std=c99] compiler features compiled with the following output:
Change Dir: /iothome/hao.gao/github_pro/my_ssp/SSP/example_riscv_linux_build/CMakeFiles/CMakeTmp

Run Build Command:"/usr/bin/make" "cmTC_1c62f/fast"
make[1]: Entering directory '/iothome/hao.gao/github_pro/my_ssp/SSP/example_riscv_linux_build/CMakeFiles/CMakeTmp'
make[1]: Warning: File 'Makefile' has modification time 3.5 s in the future
/usr/bin/make -f CMakeFiles/cmTC_1c62f.dir/build.make CMakeFiles/cmTC_1c62f.dir/build
make[2]: Entering directory '/iothome/hao.gao/github_pro/my_ssp/SSP/example_riscv_linux_build/CMakeFiles/CMakeTmp'
make[2]: Warning: File 'CMakeFiles/cmTC_1c62f.dir/flags.make' has modification time 3.5 s in the future
Building C object CMakeFiles/cmTC_1c62f.dir/feature_tests.c.o
/iothome/hao.gao/package/toolchain_linux/Xuantie-900-gcc-linux-5.10.4-glibc-x86_64-V2.6.1/bin/riscv64-unknown-linux-gnu-gcc    -std=c99 -o CMakeFiles/cmTC_1c62f.dir/feature_tests.c.o   -c /iothome/hao.gao/github_pro/my_ssp/SSP/example_riscv_linux_build/CMakeFiles/feature_tests.c
Linking C executable cmTC_1c62f
/usr/local/bin/cmake -E cmake_link_script CMakeFiles/cmTC_1c62f.dir/link.txt --verbose=1
/iothome/hao.gao/package/toolchain_linux/Xuantie-900-gcc-linux-5.10.4-glibc-x86_64-V2.6.1/bin/riscv64-unknown-linux-gnu-gcc       CMakeFiles/cmTC_1c62f.dir/feature_tests.c.o  -o cmTC_1c62f -rdynamic 
make[2]: warning:  Clock skew detected.  Your build may be incomplete.
make[2]: Leaving directory '/iothome/hao.gao/github_pro/my_ssp/SSP/example_riscv_linux_build/CMakeFiles/CMakeTmp'
make[1]: warning:  Clock skew detected.  Your build may be incomplete.
make[1]: Leaving directory '/iothome/hao.gao/github_pro/my_ssp/SSP/example_riscv_linux_build/CMakeFiles/CMakeTmp'


    Feature record: C_FEATURE:1c_function_prototypes
    Feature record: C_FEATURE:1c_restrict
    Feature record: C_FEATURE:0c_static_assert
    Feature record: C_FEATURE:1c_variadic_macros


Detecting C [-std=c90] compiler features compiled with the following output:
Change Dir: /iothome/hao.gao/github_pro/my_ssp/SSP/example_riscv_linux_build/CMakeFiles/CMakeTmp

Run Build Command:"/usr/bin/make" "cmTC_2f8da/fast"
make[1]: Entering directory '/iothome/hao.gao/github_pro/my_ssp/SSP/example_riscv_linux_build/CMakeFiles/CMakeTmp'
make[1]: Warning: File 'Makefile' has modification time 3.5 s in the future
/usr/bin/make -f CMakeFiles/cmTC_2f8da.dir/build.make CMakeFiles/cmTC_2f8da.dir/build
make[2]: Entering directory '/iothome/hao.gao/github_pro/my_ssp/SSP/example_riscv_linux_build/CMakeFiles/CMakeTmp'
make[2]: Warning: File 'CMakeFiles/cmTC_2f8da.dir/flags.make' has modification time 3.5 s in the future
Building C object CMakeFiles/cmTC_2f8da.dir/feature_tests.c.o
/iothome/hao.gao/package/toolchain_linux/Xuantie-900-gcc-linux-5.10.4-glibc-x86_64-V2.6.1/bin/riscv64-unknown-linux-gnu-gcc    -std=c90 -o CMakeFiles/cmTC_2f8da.dir/feature_tests.c.o   -c /iothome/hao.gao/github_pro/my_ssp/SSP/example_riscv_linux_build/CMakeFiles/feature_tests.c
Linking C executable cmTC_2f8da
/usr/local/bin/cmake -E cmake_link_script CMakeFiles/cmTC_2f8da.dir/link.txt --verbose=1
/iothome/hao.gao/package/toolchain_linux/Xuantie-900-gcc-linux-5.10.4-glibc-x86_64-V2.6.1/bin/riscv64-unknown-linux-gnu-gcc       CMakeFiles/cmTC_2f8da.dir/feature_tests.c.o  -o cmTC_2f8da -rdynamic 
make[2]: warning:  Clock skew detected.  Your build may be incomplete.
make[2]: Leaving directory '/iothome/hao.gao/github_pro/my_ssp/SSP/example_riscv_linux_build/CMakeFiles/CMakeTmp'
make[1]: warning:  Clock skew detected.  Your build may be incomplete.
make[1]: Leaving directory '/iothome/hao.gao/github_pro/my_ssp/SSP/example_riscv_linux_build/CMakeFiles/CMakeTmp'


    Feature record: C_FEATURE:1c_function_prototypes
    Feature record: C_FEATURE:0c_restrict
    Feature record: C_FEATURE:0c_static_assert
    Feature record: C_FEATURE:0c_variadic_macros
Determining if the CXX compiler works passed with the following output:
Change Dir: /iothome/hao.gao/github_pro/my_ssp/SSP/example_riscv_linux_build/CMakeFiles/CMakeTmp

Run Build Command:"/usr/bin/make" "cmTC_41d50/fast"
make[1]: Entering directory '/iothome/hao.gao/github_pro/my_ssp/SSP/example_riscv_linux_build/CMakeFiles/CMakeTmp'
make[1]: Warning: File 'Makefile' has modification time 3.5 s in the future
/usr/bin/make -f CMakeFiles/cmTC_41d50.dir/build.make CMakeFiles/cmTC_41d50.dir/build
make[2]: Entering directory '/iothome/hao.gao/github_pro/my_ssp/SSP/example_riscv_linux_build/CMakeFiles/CMakeTmp'
make[2]: Warning: File 'CMakeFiles/cmTC_41d50.dir/flags.make' has modification time 3.5 s in the future
Building CXX object CMakeFiles/cmTC_41d50.dir/testCXXCompiler.cxx.o
/iothome/hao.gao/package/toolchain_linux/Xuantie-900-gcc-linux-5.10.4-glibc-x86_64-V2.6.1/bin/riscv64-unknown-linux-gnu-g++      -o CMakeFiles/cmTC_41d50.dir/testCXXCompiler.cxx.o -c /iothome/hao.gao/github_pro/my_ssp/SSP/example_riscv_linux_build/CMakeFiles/CMakeTmp/testCXXCompiler.cxx
Linking CXX executable cmTC_41d50
/usr/local/bin/cmake -E cmake_link_script CMakeFiles/cmTC_41d50.dir/link.txt --verbose=1
/iothome/hao.gao/package/toolchain_linux/Xuantie-900-gcc-linux-5.10.4-glibc-x86_64-V2.6.1/bin/riscv64-unknown-linux-gnu-g++        CMakeFiles/cmTC_41d50.dir/testCXXCompiler.cxx.o  -o cmTC_41d50 -rdynamic 
make[2]: warning:  Clock skew detected.  Your build may be incomplete.
make[2]: Leaving directory '/iothome/hao.gao/github_pro/my_ssp/SSP/example_riscv_linux_build/CMakeFiles/CMakeTmp'
make[1]: warning:  Clock skew detected.  Your build may be incomplete.
make[1]: Leaving directory '/iothome/hao.gao/github_pro/my_ssp/SSP/example_riscv_linux_build/CMakeFiles/CMakeTmp'


Detecting CXX compiler ABI info compiled with the following output:
Change Dir: /iothome/hao.gao/github_pro/my_ssp/SSP/example_riscv_linux_build/CMakeFiles/CMakeTmp

Run Build Command:"/usr/bin/make" "cmTC_47d64/fast"
make[1]: Entering directory '/iothome/hao.gao/github_pro/my_ssp/SSP/example_riscv_linux_build/CMakeFiles/CMakeTmp'
make[1]: Warning: File 'Makefile' has modification time 3.5 s in the future
/usr/bin/make -f CMakeFiles/cmTC_47d64.dir/build.make CMakeFiles/cmTC_47d64.dir/build
make[2]: Entering directory '/iothome/hao.gao/github_pro/my_ssp/SSP/example_riscv_linux_build/CMakeFiles/CMakeTmp'
make[2]: Warning: File 'CMakeFiles/cmTC_47d64.dir/flags.make' has modification time 3.5 s in the future
Building CXX object CMakeFiles/cmTC_47d64.dir/CMakeCXXCompilerABI.cpp.o
/iothome/hao.gao/package/toolchain_linux/Xuantie-900-gcc-linux-5.10.4-glibc-x86_64-V2.6.1/bin/riscv64-unknown-linux-gnu-g++      -o CMakeFiles/cmTC_47d64.dir/CMakeCXXCompilerABI.cpp.o -c /usr/local/share/cmake-3.5/Modules/CMakeCXXCompilerABI.cpp
Linking CXX executable cmTC_47d64
/usr/local/bin/cmake -E cmake_link_script CMakeFiles/cmTC_47d64.dir/link.txt --verbose=1
/iothome/hao.gao/package/toolchain_linux/Xuantie-900-gcc-linux-5.10.4-glibc-x86_64-V2.6.1/bin/riscv64-unknown-linux-gnu-g++       -v CMakeFiles/cmTC_47d64.dir/CMakeCXXCompilerABI.cpp.o  -o cmTC_47d64 -rdynamic  
Using built-in specs.
COLLECT_GCC=/iothome/hao.gao/package/toolchain_linux/Xuantie-900-gcc-linux-5.10.4-glibc-x86_64-V2.6.1/bin/riscv64-unknown-linux-gnu-g++
COLLECT_LTO_WRAPPER=/iothome/hao.gao/package/toolchain_linux/Xuantie-900-gcc-linux-5.10.4-glibc-x86_64-V2.6.1/bin/../libexec/gcc/riscv64-unknown-linux-gnu/10.2.0/lto-wrapper
Target: riscv64-unknown-linux-gnu
Configured with: /mnt/ssd/jenkins_iotsw/slave/workspace/Toolchain/build-gnu-riscv_2/./source/riscv/riscv-gcc/configure --target=riscv64-unknown-linux-gnu --with-gmp=/mnt/ssd/jenkins_iotsw/slave/workspace/Toolchain/build-gnu-riscv_2/build-gcc-riscv64-unknown-linux-gnu/build-Xuantie-900-gcc-linux-5.10.4-glibc-x86_64-V2.6.1/lib-for-gcc-x86_64-linux --with-mpfr=/mnt/ssd/jenkins_iotsw/slave/workspace/Toolchain/build-gnu-riscv_2/build-gcc-riscv64-unknown-linux-gnu/build-Xuantie-900-gcc-linux-5.10.4-glibc-x86_64-V2.6.1/lib-for-gcc-x86_64-linux --with-mpc=/mnt/ssd/jenkins_iotsw/slave/workspace/Toolchain/build-gnu-riscv_2/build-gcc-riscv64-unknown-linux-gnu/build-Xuantie-900-gcc-linux-5.10.4-glibc-x86_64-V2.6.1/lib-for-gcc-x86_64-linux --with-libexpat-prefix=/mnt/ssd/jenkins_iotsw/slave/workspace/Toolchain/build-gnu-riscv_2/build-gcc-riscv64-unknown-linux-gnu/build-Xuantie-900-gcc-linux-5.10.4-glibc-x86_64-V2.6.1/lib-for-gcc-x86_64-linux --with-libmpfr-prefix=/mnt/ssd/jenkins_iotsw/slave/workspace/Toolchain/build-gnu-riscv_2/build-gcc-riscv64-unknown-linux-gnu/build-Xuantie-900-gcc-linux-5.10.4-glibc-x86_64-V2.6.1/lib-for-gcc-x86_64-linux --with-pkgversion='Xuantie-900 linux-5.10.4 glibc gcc Toolchain V2.6.1 B-20220906' CXXFLAGS='-g -O2 -DTHEAD_VERSION_NUMBER=2.6.1 ' --prefix=/mnt/ssd/jenkins_iotsw/slave/workspace/Toolchain/build-gnu-riscv_2/build-gcc-riscv64-unknown-linux-gnu/Xuantie-900-gcc-linux-5.10.4-glibc-x86_64-V2.6.1 --with-sysroot=/mnt/ssd/jenkins_iotsw/slave/workspace/Toolchain/build-gnu-riscv_2/build-gcc-riscv64-unknown-linux-gnu/Xuantie-900-gcc-linux-5.10.4-glibc-x86_64-V2.6.1/sysroot --with-system-zlib --enable-shared --enable-tls --enable-languages=c,c++,fortran --disable-libmudflap --disable-libssp --disable-libquadmath --enable-libsanitizer --disable-nls --disable-bootstrap --src=/mnt/ssd/jenkins_iotsw/slave/workspace/Toolchain/build-gnu-riscv_2/./source/riscv/riscv-gcc --enable-multilib --with-abi=lp64d --with-arch=rv64gcxthead 'CFLAGS_FOR_TARGET=-O2   -mcmodel=medany' 'CXXFLAGS_FOR_TARGET=-O2   -mcmodel=medany'
Thread model: posix
Supported LTO compression algorithms: zlib
gcc version 10.2.0 (Xuantie-900 linux-5.10.4 glibc gcc Toolchain V2.6.1 B-20220906) 
COMPILER_PATH=/iothome/hao.gao/package/toolchain_linux/Xuantie-900-gcc-linux-5.10.4-glibc-x86_64-V2.6.1/bin/../libexec/gcc/riscv64-unknown-linux-gnu/10.2.0/:/iothome/hao.gao/package/toolchain_linux/Xuantie-900-gcc-linux-5.10.4-glibc-x86_64-V2.6.1/bin/../libexec/gcc/:/iothome/hao.gao/package/toolchain_linux/Xuantie-900-gcc-linux-5.10.4-glibc-x86_64-V2.6.1/bin/../lib/gcc/riscv64-unknown-linux-gnu/10.2.0/../../../../riscv64-unknown-linux-gnu/bin/
LIBRARY_PATH=/iothome/hao.gao/package/toolchain_linux/Xuantie-900-gcc-linux-5.10.4-glibc-x86_64-V2.6.1/bin/../lib/gcc/riscv64-unknown-linux-gnu/10.2.0/lib64xthead/lp64d/:/iothome/hao.gao/package/toolchain_linux/Xuantie-900-gcc-linux-5.10.4-glibc-x86_64-V2.6.1/bin/../lib/gcc/riscv64-unknown-linux-gnu/10.2.0/../../../../riscv64-unknown-linux-gnu/lib/../lib64xthead/lp64d/:/iothome/hao.gao/package/toolchain_linux/Xuantie-900-gcc-linux-5.10.4-glibc-x86_64-V2.6.1/bin/../sysroot/lib/../lib64xthead/lp64d/:/iothome/hao.gao/package/toolchain_linux/Xuantie-900-gcc-linux-5.10.4-glibc-x86_64-V2.6.1/bin/../lib/gcc/riscv64-unknown-linux-gnu/10.2.0/:/iothome/hao.gao/package/toolchain_linux/Xuantie-900-gcc-linux-5.10.4-glibc-x86_64-V2.6.1/bin/../lib/gcc/:/iothome/hao.gao/package/toolchain_linux/Xuantie-900-gcc-linux-5.10.4-glibc-x86_64-V2.6.1/bin/../lib/gcc/riscv64-unknown-linux-gnu/10.2.0/../../../../riscv64-unknown-linux-gnu/lib/:/iothome/hao.gao/package/toolchain_linux/Xuantie-900-gcc-linux-5.10.4-glibc-x86_64-V2.6.1/bin/../sysroot/lib64xthead/lp64d/:/iothome/hao.gao/package/toolchain_linux/Xuantie-900-gcc-linux-5.10.4-glibc-x86_64-V2.6.1/bin/../sysroot/usr/lib64xthead/lp64d/:/iothome/hao.gao/package/toolchain_linux/Xuantie-900-gcc-linux-5.10.4-glibc-x86_64-V2.6.1/bin/../sysroot/lib64/lp64d/:/iothome/hao.gao/package/toolchain_linux/Xuantie-900-gcc-linux-5.10.4-glibc-x86_64-V2.6.1/bin/../sysroot/usr/lib64/lp64d/:/iothome/hao.gao/package/toolchain_linux/Xuantie-900-gcc-linux-5.10.4-glibc-x86_64-V2.6.1/bin/../sysroot/lib/
COLLECT_GCC_OPTIONS='-v' '-o' 'cmTC_47d64' '-rdynamic' '-shared-libgcc' '-march=rv64gcxthead' '-mabi=lp64d' '-march=rv64imafdc_xtheadc'
 /iothome/hao.gao/package/toolchain_linux/Xuantie-900-gcc-linux-5.10.4-glibc-x86_64-V2.6.1/bin/../libexec/gcc/riscv64-unknown-linux-gnu/10.2.0/collect2 -plugin /iothome/hao.gao/package/toolchain_linux/Xuantie-900-gcc-linux-5.10.4-glibc-x86_64-V2.6.1/bin/../libexec/gcc/riscv64-unknown-linux-gnu/10.2.0/liblto_plugin.so -plugin-opt=/iothome/hao.gao/package/toolchain_linux/Xuantie-900-gcc-linux-5.10.4-glibc-x86_64-V2.6.1/bin/../libexec/gcc/riscv64-unknown-linux-gnu/10.2.0/lto-wrapper -plugin-opt=-fresolution=/tmp/cctkP7tz.res -plugin-opt=-pass-through=-lgcc_s -plugin-opt=-pass-through=-lgcc -plugin-opt=-pass-through=-lc -plugin-opt=-pass-through=-lgcc_s -plugin-opt=-pass-through=-lgcc --sysroot=/iothome/hao.gao/package/toolchain_linux/Xuantie-900-gcc-linux-5.10.4-glibc-x86_64-V2.6.1/bin/../sysroot --eh-frame-hdr -melf64lriscv -export-dynamic -dynamic-linker /lib/ld-linux-riscv64xthead-lp64d.so.1 -o cmTC_47d64 /iothome/hao.gao/package/toolchain_linux/Xuantie-900-gcc-linux-5.10.4-glibc-x86_64-V2.6.1/bin/../sysroot/usr/lib64xthead/lp64d/crt1.o /iothome/hao.gao/package/toolchain_linux/Xuantie-900-gcc-linux-5.10.4-glibc-x86_64-V2.6.1/bin/../lib/gcc/riscv64-unknown-linux-gnu/10.2.0/lib64xthead/lp64d/crti.o /iothome/hao.gao/package/toolchain_linux/Xuantie-900-gcc-linux-5.10.4-glibc-x86_64-V2.6.1/bin/../lib/gcc/riscv64-unknown-linux-gnu/10.2.0/lib64xthead/lp64d/crtbegin.o -L/iothome/hao.gao/package/toolchain_linux/Xuantie-900-gcc-linux-5.10.4-glibc-x86_64-V2.6.1/bin/../lib/gcc/riscv64-unknown-linux-gnu/10.2.0/lib64xthead/lp64d -L/iothome/hao.gao/package/toolchain_linux/Xuantie-900-gcc-linux-5.10.4-glibc-x86_64-V2.6.1/bin/../lib/gcc/riscv64-unknown-linux-gnu/10.2.0/../../../../riscv64-unknown-linux-gnu/lib/../lib64xthead/lp64d -L/iothome/hao.gao/package/toolchain_linux/Xuantie-900-gcc-linux-5.10.4-glibc-x86_64-V2.6.1/bin/../sysroot/lib/../lib64xthead/lp64d -L/iothome/hao.gao/package/toolchain_linux/Xuantie-900-gcc-linux-5.10.4-glibc-x86_64-V2.6.1/bin/../lib/gcc/riscv64-unknown-linux-gnu/10.2.0 -L/iothome/hao.gao/package/toolchain_linux/Xuantie-900-gcc-linux-5.10.4-glibc-x86_64-V2.6.1/bin/../lib/gcc -L/iothome/hao.gao/package/toolchain_linux/Xuantie-900-gcc-linux-5.10.4-glibc-x86_64-V2.6.1/bin/../lib/gcc/riscv64-unknown-linux-gnu/10.2.0/../../../../riscv64-unknown-linux-gnu/lib -L/iothome/hao.gao/package/toolchain_linux/Xuantie-900-gcc-linux-5.10.4-glibc-x86_64-V2.6.1/bin/../sysroot/lib64xthead/lp64d -L/iothome/hao.gao/package/toolchain_linux/Xuantie-900-gcc-linux-5.10.4-glibc-x86_64-V2.6.1/bin/../sysroot/usr/lib64xthead/lp64d -L/iothome/hao.gao/package/toolchain_linux/Xuantie-900-gcc-linux-5.10.4-glibc-x86_64-V2.6.1/bin/../sysroot/lib64/lp64d -L/iothome/hao.gao/package/toolchain_linux/Xuantie-900-gcc-linux-5.10.4-glibc-x86_64-V2.6.1/bin/../sysroot/usr/lib64/lp64d -L/iothome/hao.gao/package/toolchain_linux/Xuantie-900-gcc-linux-5.10.4-glibc-x86_64-V2.6.1/bin/../sysroot/lib CMakeFiles/cmTC_47d64.dir/CMakeCXXCompilerABI.cpp.o -lstdc++ -lm -lgcc_s -lgcc -lc -lgcc_s -lgcc /iothome/hao.gao/package/toolchain_linux/Xuantie-900-gcc-linux-5.10.4-glibc-x86_64-V2.6.1/bin/../lib/gcc/riscv64-unknown-linux-gnu/10.2.0/lib64xthead/lp64d/crtend.o /iothome/hao.gao/package/toolchain_linux/Xuantie-900-gcc-linux-5.10.4-glibc-x86_64-V2.6.1/bin/../lib/gcc/riscv64-unknown-linux-gnu/10.2.0/lib64xthead/lp64d/crtn.o
COLLECT_GCC_OPTIONS='-v' '-o' 'cmTC_47d64' '-rdynamic' '-shared-libgcc' '-march=rv64gcxthead' '-mabi=lp64d' '-march=rv64imafdc_xtheadc'
make[2]: warning:  Clock skew detected.  Your build may be incomplete.
make[2]: Leaving directory '/iothome/hao.gao/github_pro/my_ssp/SSP/example_riscv_linux_build/CMakeFiles/CMakeTmp'
make[1]: warning:  Clock skew detected.  Your build may be incomplete.
make[1]: Leaving directory '/iothome/hao.gao/github_pro/my_ssp/SSP/example_riscv_linux_build/CMakeFiles/CMakeTmp'


Parsed CXX implicit link information from above output:
  link line regex: [^( *|.*[/\])(ld|([^/\]+-)?ld|collect2)[^/\]*( |$)]
  ignore line: [Change Dir: /iothome/hao.gao/github_pro/my_ssp/SSP/example_riscv_linux_build/CMakeFiles/CMakeTmp]
  ignore line: []
  ignore line: [Run Build Command:"/usr/bin/make" "cmTC_47d64/fast"]
  ignore line: [make[1]: Entering directory '/iothome/hao.gao/github_pro/my_ssp/SSP/example_riscv_linux_build/CMakeFiles/CMakeTmp']
  ignore line: [make[1]: Warning: File 'Makefile' has modification time 3.5 s in the future]
  ignore line: [/usr/bin/make -f CMakeFiles/cmTC_47d64.dir/build.make CMakeFiles/cmTC_47d64.dir/build]
  ignore line: [make[2]: Entering directory '/iothome/hao.gao/github_pro/my_ssp/SSP/example_riscv_linux_build/CMakeFiles/CMakeTmp']
  ignore line: [make[2]: Warning: File 'CMakeFiles/cmTC_47d64.dir/flags.make' has modification time 3.5 s in the future]
  ignore line: [Building CXX object CMakeFiles/cmTC_47d64.dir/CMakeCXXCompilerABI.cpp.o]
  ignore line: [/iothome/hao.gao/package/toolchain_linux/Xuantie-900-gcc-linux-5.10.4-glibc-x86_64-V2.6.1/bin/riscv64-unknown-linux-gnu-g++      -o CMakeFiles/cmTC_47d64.dir/CMakeCXXCompilerABI.cpp.o -c /usr/local/share/cmake-3.5/Modules/CMakeCXXCompilerABI.cpp]
  ignore line: [Linking CXX executable cmTC_47d64]
  ignore line: [/usr/local/bin/cmake -E cmake_link_script CMakeFiles/cmTC_47d64.dir/link.txt --verbose=1]
  ignore line: [/iothome/hao.gao/package/toolchain_linux/Xuantie-900-gcc-linux-5.10.4-glibc-x86_64-V2.6.1/bin/riscv64-unknown-linux-gnu-g++       -v CMakeFiles/cmTC_47d64.dir/CMakeCXXCompilerABI.cpp.o  -o cmTC_47d64 -rdynamic  ]
  ignore line: [Using built-in specs.]
  ignore line: [COLLECT_GCC=/iothome/hao.gao/package/toolchain_linux/Xuantie-900-gcc-linux-5.10.4-glibc-x86_64-V2.6.1/bin/riscv64-unknown-linux-gnu-g++]
  ignore line: [COLLECT_LTO_WRAPPER=/iothome/hao.gao/package/toolchain_linux/Xuantie-900-gcc-linux-5.10.4-glibc-x86_64-V2.6.1/bin/../libexec/gcc/riscv64-unknown-linux-gnu/10.2.0/lto-wrapper]
  ignore line: [Target: riscv64-unknown-linux-gnu]
  ignore line: [Configured with: /mnt/ssd/jenkins_iotsw/slave/workspace/Toolchain/build-gnu-riscv_2/./source/riscv/riscv-gcc/configure --target=riscv64-unknown-linux-gnu --with-gmp=/mnt/ssd/jenkins_iotsw/slave/workspace/Toolchain/build-gnu-riscv_2/build-gcc-riscv64-unknown-linux-gnu/build-Xuantie-900-gcc-linux-5.10.4-glibc-x86_64-V2.6.1/lib-for-gcc-x86_64-linux --with-mpfr=/mnt/ssd/jenkins_iotsw/slave/workspace/Toolchain/build-gnu-riscv_2/build-gcc-riscv64-unknown-linux-gnu/build-Xuantie-900-gcc-linux-5.10.4-glibc-x86_64-V2.6.1/lib-for-gcc-x86_64-linux --with-mpc=/mnt/ssd/jenkins_iotsw/slave/workspace/Toolchain/build-gnu-riscv_2/build-gcc-riscv64-unknown-linux-gnu/build-Xuantie-900-gcc-linux-5.10.4-glibc-x86_64-V2.6.1/lib-for-gcc-x86_64-linux --with-libexpat-prefix=/mnt/ssd/jenkins_iotsw/slave/workspace/Toolchain/build-gnu-riscv_2/build-gcc-riscv64-unknown-linux-gnu/build-Xuantie-900-gcc-linux-5.10.4-glibc-x86_64-V2.6.1/lib-for-gcc-x86_64-linux --with-libmpfr-prefix=/mnt/ssd/jenkins_iotsw/slave/workspace/Toolchain/build-gnu-riscv_2/build-gcc-riscv64-unknown-linux-gnu/build-Xuantie-900-gcc-linux-5.10.4-glibc-x86_64-V2.6.1/lib-for-gcc-x86_64-linux --with-pkgversion='Xuantie-900 linux-5.10.4 glibc gcc Toolchain V2.6.1 B-20220906' CXXFLAGS='-g -O2 -DTHEAD_VERSION_NUMBER=2.6.1 ' --prefix=/mnt/ssd/jenkins_iotsw/slave/workspace/Toolchain/build-gnu-riscv_2/build-gcc-riscv64-unknown-linux-gnu/Xuantie-900-gcc-linux-5.10.4-glibc-x86_64-V2.6.1 --with-sysroot=/mnt/ssd/jenkins_iotsw/slave/workspace/Toolchain/build-gnu-riscv_2/build-gcc-riscv64-unknown-linux-gnu/Xuantie-900-gcc-linux-5.10.4-glibc-x86_64-V2.6.1/sysroot --with-system-zlib --enable-shared --enable-tls --enable-languages=c,c++,fortran --disable-libmudflap --disable-libssp --disable-libquadmath --enable-libsanitizer --disable-nls --disable-bootstrap --src=/mnt/ssd/jenkins_iotsw/slave/workspace/Toolchain/build-gnu-riscv_2/./source/riscv/riscv-gcc --enable-multilib --with-abi=lp64d --with-arch=rv64gcxthead 'CFLAGS_FOR_TARGET=-O2   -mcmodel=medany' 'CXXFLAGS_FOR_TARGET=-O2   -mcmodel=medany']
  ignore line: [Thread model: posix]
  ignore line: [Supported LTO compression algorithms: zlib]
  ignore line: [gcc version 10.2.0 (Xuantie-900 linux-5.10.4 glibc gcc Toolchain V2.6.1 B-20220906) ]
  ignore line: [COMPILER_PATH=/iothome/hao.gao/package/toolchain_linux/Xuantie-900-gcc-linux-5.10.4-glibc-x86_64-V2.6.1/bin/../libexec/gcc/riscv64-unknown-linux-gnu/10.2.0/:/iothome/hao.gao/package/toolchain_linux/Xuantie-900-gcc-linux-5.10.4-glibc-x86_64-V2.6.1/bin/../libexec/gcc/:/iothome/hao.gao/package/toolchain_linux/Xuantie-900-gcc-linux-5.10.4-glibc-x86_64-V2.6.1/bin/../lib/gcc/riscv64-unknown-linux-gnu/10.2.0/../../../../riscv64-unknown-linux-gnu/bin/]
  ignore line: [LIBRARY_PATH=/iothome/hao.gao/package/toolchain_linux/Xuantie-900-gcc-linux-5.10.4-glibc-x86_64-V2.6.1/bin/../lib/gcc/riscv64-unknown-linux-gnu/10.2.0/lib64xthead/lp64d/:/iothome/hao.gao/package/toolchain_linux/Xuantie-900-gcc-linux-5.10.4-glibc-x86_64-V2.6.1/bin/../lib/gcc/riscv64-unknown-linux-gnu/10.2.0/../../../../riscv64-unknown-linux-gnu/lib/../lib64xthead/lp64d/:/iothome/hao.gao/package/toolchain_linux/Xuantie-900-gcc-linux-5.10.4-glibc-x86_64-V2.6.1/bin/../sysroot/lib/../lib64xthead/lp64d/:/iothome/hao.gao/package/toolchain_linux/Xuantie-900-gcc-linux-5.10.4-glibc-x86_64-V2.6.1/bin/../lib/gcc/riscv64-unknown-linux-gnu/10.2.0/:/iothome/hao.gao/package/toolchain_linux/Xuantie-900-gcc-linux-5.10.4-glibc-x86_64-V2.6.1/bin/../lib/gcc/:/iothome/hao.gao/package/toolchain_linux/Xuantie-900-gcc-linux-5.10.4-glibc-x86_64-V2.6.1/bin/../lib/gcc/riscv64-unknown-linux-gnu/10.2.0/../../../../riscv64-unknown-linux-gnu/lib/:/iothome/hao.gao/package/toolchain_linux/Xuantie-900-gcc-linux-5.10.4-glibc-x86_64-V2.6.1/bin/../sysroot/lib64xthead/lp64d/:/iothome/hao.gao/package/toolchain_linux/Xuantie-900-gcc-linux-5.10.4-glibc-x86_64-V2.6.1/bin/../sysroot/usr/lib64xthead/lp64d/:/iothome/hao.gao/package/toolchain_linux/Xuantie-900-gcc-linux-5.10.4-glibc-x86_64-V2.6.1/bin/../sysroot/lib64/lp64d/:/iothome/hao.gao/package/toolchain_linux/Xuantie-900-gcc-linux-5.10.4-glibc-x86_64-V2.6.1/bin/../sysroot/usr/lib64/lp64d/:/iothome/hao.gao/package/toolchain_linux/Xuantie-900-gcc-linux-5.10.4-glibc-x86_64-V2.6.1/bin/../sysroot/lib/]
  ignore line: [COLLECT_GCC_OPTIONS='-v' '-o' 'cmTC_47d64' '-rdynamic' '-shared-libgcc' '-march=rv64gcxthead' '-mabi=lp64d' '-march=rv64imafdc_xtheadc']
  link line: [ /iothome/hao.gao/package/toolchain_linux/Xuantie-900-gcc-linux-5.10.4-glibc-x86_64-V2.6.1/bin/../libexec/gcc/riscv64-unknown-linux-gnu/10.2.0/collect2 -plugin /iothome/hao.gao/package/toolchain_linux/Xuantie-900-gcc-linux-5.10.4-glibc-x86_64-V2.6.1/bin/../libexec/gcc/riscv64-unknown-linux-gnu/10.2.0/liblto_plugin.so -plugin-opt=/iothome/hao.gao/package/toolchain_linux/Xuantie-900-gcc-linux-5.10.4-glibc-x86_64-V2.6.1/bin/../libexec/gcc/riscv64-unknown-linux-gnu/10.2.0/lto-wrapper -plugin-opt=-fresolution=/tmp/cctkP7tz.res -plugin-opt=-pass-through=-lgcc_s -plugin-opt=-pass-through=-lgcc -plugin-opt=-pass-through=-lc -plugin-opt=-pass-through=-lgcc_s -plugin-opt=-pass-through=-lgcc --sysroot=/iothome/hao.gao/package/toolchain_linux/Xuantie-900-gcc-linux-5.10.4-glibc-x86_64-V2.6.1/bin/../sysroot --eh-frame-hdr -melf64lriscv -export-dynamic -dynamic-linker /lib/ld-linux-riscv64xthead-lp64d.so.1 -o cmTC_47d64 /iothome/hao.gao/package/toolchain_linux/Xuantie-900-gcc-linux-5.10.4-glibc-x86_64-V2.6.1/bin/../sysroot/usr/lib64xthead/lp64d/crt1.o /iothome/hao.gao/package/toolchain_linux/Xuantie-900-gcc-linux-5.10.4-glibc-x86_64-V2.6.1/bin/../lib/gcc/riscv64-unknown-linux-gnu/10.2.0/lib64xthead/lp64d/crti.o /iothome/hao.gao/package/toolchain_linux/Xuantie-900-gcc-linux-5.10.4-glibc-x86_64-V2.6.1/bin/../lib/gcc/riscv64-unknown-linux-gnu/10.2.0/lib64xthead/lp64d/crtbegin.o -L/iothome/hao.gao/package/toolchain_linux/Xuantie-900-gcc-linux-5.10.4-glibc-x86_64-V2.6.1/bin/../lib/gcc/riscv64-unknown-linux-gnu/10.2.0/lib64xthead/lp64d -L/iothome/hao.gao/package/toolchain_linux/Xuantie-900-gcc-linux-5.10.4-glibc-x86_64-V2.6.1/bin/../lib/gcc/riscv64-unknown-linux-gnu/10.2.0/../../../../riscv64-unknown-linux-gnu/lib/../lib64xthead/lp64d -L/iothome/hao.gao/package/toolchain_linux/Xuantie-900-gcc-linux-5.10.4-glibc-x86_64-V2.6.1/bin/../sysroot/lib/../lib64xthead/lp64d -L/iothome/hao.gao/package/toolchain_linux/Xuantie-900-gcc-linux-5.10.4-glibc-x86_64-V2.6.1/bin/../lib/gcc/riscv64-unknown-linux-gnu/10.2.0 -L/iothome/hao.gao/package/toolchain_linux/Xuantie-900-gcc-linux-5.10.4-glibc-x86_64-V2.6.1/bin/../lib/gcc -L/iothome/hao.gao/package/toolchain_linux/Xuantie-900-gcc-linux-5.10.4-glibc-x86_64-V2.6.1/bin/../lib/gcc/riscv64-unknown-linux-gnu/10.2.0/../../../../riscv64-unknown-linux-gnu/lib -L/iothome/hao.gao/package/toolchain_linux/Xuantie-900-gcc-linux-5.10.4-glibc-x86_64-V2.6.1/bin/../sysroot/lib64xthead/lp64d -L/iothome/hao.gao/package/toolchain_linux/Xuantie-900-gcc-linux-5.10.4-glibc-x86_64-V2.6.1/bin/../sysroot/usr/lib64xthead/lp64d -L/iothome/hao.gao/package/toolchain_linux/Xuantie-900-gcc-linux-5.10.4-glibc-x86_64-V2.6.1/bin/../sysroot/lib64/lp64d -L/iothome/hao.gao/package/toolchain_linux/Xuantie-900-gcc-linux-5.10.4-glibc-x86_64-V2.6.1/bin/../sysroot/usr/lib64/lp64d -L/iothome/hao.gao/package/toolchain_linux/Xuantie-900-gcc-linux-5.10.4-glibc-x86_64-V2.6.1/bin/../sysroot/lib CMakeFiles/cmTC_47d64.dir/CMakeCXXCompilerABI.cpp.o -lstdc++ -lm -lgcc_s -lgcc -lc -lgcc_s -lgcc /iothome/hao.gao/package/toolchain_linux/Xuantie-900-gcc-linux-5.10.4-glibc-x86_64-V2.6.1/bin/../lib/gcc/riscv64-unknown-linux-gnu/10.2.0/lib64xthead/lp64d/crtend.o /iothome/hao.gao/package/toolchain_linux/Xuantie-900-gcc-linux-5.10.4-glibc-x86_64-V2.6.1/bin/../lib/gcc/riscv64-unknown-linux-gnu/10.2.0/lib64xthead/lp64d/crtn.o]
    arg [/iothome/hao.gao/package/toolchain_linux/Xuantie-900-gcc-linux-5.10.4-glibc-x86_64-V2.6.1/bin/../libexec/gcc/riscv64-unknown-linux-gnu/10.2.0/collect2] ==> ignore
    arg [-plugin] ==> ignore
    arg [/iothome/hao.gao/package/toolchain_linux/Xuantie-900-gcc-linux-5.10.4-glibc-x86_64-V2.6.1/bin/../libexec/gcc/riscv64-unknown-linux-gnu/10.2.0/liblto_plugin.so] ==> ignore
    arg [-plugin-opt=/iothome/hao.gao/package/toolchain_linux/Xuantie-900-gcc-linux-5.10.4-glibc-x86_64-V2.6.1/bin/../libexec/gcc/riscv64-unknown-linux-gnu/10.2.0/lto-wrapper] ==> ignore
    arg [-plugin-opt=-fresolution=/tmp/cctkP7tz.res] ==> ignore
    arg [-plugin-opt=-pass-through=-lgcc_s] ==> ignore
    arg [-plugin-opt=-pass-through=-lgcc] ==> ignore
    arg [-plugin-opt=-pass-through=-lc] ==> ignore
    arg [-plugin-opt=-pass-through=-lgcc_s] ==> ignore
    arg [-plugin-opt=-pass-through=-lgcc] ==> ignore
    arg [--sysroot=/iothome/hao.gao/package/toolchain_linux/Xuantie-900-gcc-linux-5.10.4-glibc-x86_64-V2.6.1/bin/../sysroot] ==> ignore
    arg [--eh-frame-hdr] ==> ignore
    arg [-melf64lriscv] ==> ignore
    arg [-export-dynamic] ==> ignore
    arg [-dynamic-linker] ==> ignore
    arg [/lib/ld-linux-riscv64xthead-lp64d.so.1] ==> ignore
    arg [-o] ==> ignore
    arg [cmTC_47d64] ==> ignore
    arg [/iothome/hao.gao/package/toolchain_linux/Xuantie-900-gcc-linux-5.10.4-glibc-x86_64-V2.6.1/bin/../sysroot/usr/lib64xthead/lp64d/crt1.o] ==> ignore
    arg [/iothome/hao.gao/package/toolchain_linux/Xuantie-900-gcc-linux-5.10.4-glibc-x86_64-V2.6.1/bin/../lib/gcc/riscv64-unknown-linux-gnu/10.2.0/lib64xthead/lp64d/crti.o] ==> ignore
    arg [/iothome/hao.gao/package/toolchain_linux/Xuantie-900-gcc-linux-5.10.4-glibc-x86_64-V2.6.1/bin/../lib/gcc/riscv64-unknown-linux-gnu/10.2.0/lib64xthead/lp64d/crtbegin.o] ==> ignore
    arg [-L/iothome/hao.gao/package/toolchain_linux/Xuantie-900-gcc-linux-5.10.4-glibc-x86_64-V2.6.1/bin/../lib/gcc/riscv64-unknown-linux-gnu/10.2.0/lib64xthead/lp64d] ==> dir [/iothome/hao.gao/package/toolchain_linux/Xuantie-900-gcc-linux-5.10.4-glibc-x86_64-V2.6.1/bin/../lib/gcc/riscv64-unknown-linux-gnu/10.2.0/lib64xthead/lp64d]
    arg [-L/iothome/hao.gao/package/toolchain_linux/Xuantie-900-gcc-linux-5.10.4-glibc-x86_64-V2.6.1/bin/../lib/gcc/riscv64-unknown-linux-gnu/10.2.0/../../../../riscv64-unknown-linux-gnu/lib/../lib64xthead/lp64d] ==> dir [/iothome/hao.gao/package/toolchain_linux/Xuantie-900-gcc-linux-5.10.4-glibc-x86_64-V2.6.1/bin/../lib/gcc/riscv64-unknown-linux-gnu/10.2.0/../../../../riscv64-unknown-linux-gnu/lib/../lib64xthead/lp64d]
    arg [-L/iothome/hao.gao/package/toolchain_linux/Xuantie-900-gcc-linux-5.10.4-glibc-x86_64-V2.6.1/bin/../sysroot/lib/../lib64xthead/lp64d] ==> dir [/iothome/hao.gao/package/toolchain_linux/Xuantie-900-gcc-linux-5.10.4-glibc-x86_64-V2.6.1/bin/../sysroot/lib/../lib64xthead/lp64d]
    arg [-L/iothome/hao.gao/package/toolchain_linux/Xuantie-900-gcc-linux-5.10.4-glibc-x86_64-V2.6.1/bin/../lib/gcc/riscv64-unknown-linux-gnu/10.2.0] ==> dir [/iothome/hao.gao/package/toolchain_linux/Xuantie-900-gcc-linux-5.10.4-glibc-x86_64-V2.6.1/bin/../lib/gcc/riscv64-unknown-linux-gnu/10.2.0]
    arg [-L/iothome/hao.gao/package/toolchain_linux/Xuantie-900-gcc-linux-5.10.4-glibc-x86_64-V2.6.1/bin/../lib/gcc] ==> dir [/iothome/hao.gao/package/toolchain_linux/Xuantie-900-gcc-linux-5.10.4-glibc-x86_64-V2.6.1/bin/../lib/gcc]
    arg [-L/iothome/hao.gao/package/toolchain_linux/Xuantie-900-gcc-linux-5.10.4-glibc-x86_64-V2.6.1/bin/../lib/gcc/riscv64-unknown-linux-gnu/10.2.0/../../../../riscv64-unknown-linux-gnu/lib] ==> dir [/iothome/hao.gao/package/toolchain_linux/Xuantie-900-gcc-linux-5.10.4-glibc-x86_64-V2.6.1/bin/../lib/gcc/riscv64-unknown-linux-gnu/10.2.0/../../../../riscv64-unknown-linux-gnu/lib]
    arg [-L/iothome/hao.gao/package/toolchain_linux/Xuantie-900-gcc-linux-5.10.4-glibc-x86_64-V2.6.1/bin/../sysroot/lib64xthead/lp64d] ==> dir [/iothome/hao.gao/package/toolchain_linux/Xuantie-900-gcc-linux-5.10.4-glibc-x86_64-V2.6.1/bin/../sysroot/lib64xthead/lp64d]
    arg [-L/iothome/hao.gao/package/toolchain_linux/Xuantie-900-gcc-linux-5.10.4-glibc-x86_64-V2.6.1/bin/../sysroot/usr/lib64xthead/lp64d] ==> dir [/iothome/hao.gao/package/toolchain_linux/Xuantie-900-gcc-linux-5.10.4-glibc-x86_64-V2.6.1/bin/../sysroot/usr/lib64xthead/lp64d]
    arg [-L/iothome/hao.gao/package/toolchain_linux/Xuantie-900-gcc-linux-5.10.4-glibc-x86_64-V2.6.1/bin/../sysroot/lib64/lp64d] ==> dir [/iothome/hao.gao/package/toolchain_linux/Xuantie-900-gcc-linux-5.10.4-glibc-x86_64-V2.6.1/bin/../sysroot/lib64/lp64d]
    arg [-L/iothome/hao.gao/package/toolchain_linux/Xuantie-900-gcc-linux-5.10.4-glibc-x86_64-V2.6.1/bin/../sysroot/usr/lib64/lp64d] ==> dir [/iothome/hao.gao/package/toolchain_linux/Xuantie-900-gcc-linux-5.10.4-glibc-x86_64-V2.6.1/bin/../sysroot/usr/lib64/lp64d]
    arg [-L/iothome/hao.gao/package/toolchain_linux/Xuantie-900-gcc-linux-5.10.4-glibc-x86_64-V2.6.1/bin/../sysroot/lib] ==> dir [/iothome/hao.gao/package/toolchain_linux/Xuantie-900-gcc-linux-5.10.4-glibc-x86_64-V2.6.1/bin/../sysroot/lib]
    arg [CMakeFiles/cmTC_47d64.dir/CMakeCXXCompilerABI.cpp.o] ==> ignore
    arg [-lstdc++] ==> lib [stdc++]
    arg [-lm] ==> lib [m]
    arg [-lgcc_s] ==> lib [gcc_s]
    arg [-lgcc] ==> lib [gcc]
    arg [-lc] ==> lib [c]
    arg [-lgcc_s] ==> lib [gcc_s]
    arg [-lgcc] ==> lib [gcc]
    arg [/iothome/hao.gao/package/toolchain_linux/Xuantie-900-gcc-linux-5.10.4-glibc-x86_64-V2.6.1/bin/../lib/gcc/riscv64-unknown-linux-gnu/10.2.0/lib64xthead/lp64d/crtend.o] ==> ignore
    arg [/iothome/hao.gao/package/toolchain_linux/Xuantie-900-gcc-linux-5.10.4-glibc-x86_64-V2.6.1/bin/../lib/gcc/riscv64-unknown-linux-gnu/10.2.0/lib64xthead/lp64d/crtn.o] ==> ignore
  remove lib [gcc_s]
  remove lib [gcc]
  remove lib [gcc_s]
  remove lib [gcc]
  collapse library dir [/iothome/hao.gao/package/toolchain_linux/Xuantie-900-gcc-linux-5.10.4-glibc-x86_64-V2.6.1/bin/../lib/gcc/riscv64-unknown-linux-gnu/10.2.0/lib64xthead/lp64d] ==> [/iothome/hao.gao/package/toolchain_linux/Xuantie-900-gcc-linux-5.10.4-glibc-x86_64-V2.6.1/lib/gcc/riscv64-unknown-linux-gnu/10.2.0/lib64xthead/lp64d]
  collapse library dir [/iothome/hao.gao/package/toolchain_linux/Xuantie-900-gcc-linux-5.10.4-glibc-x86_64-V2.6.1/bin/../lib/gcc/riscv64-unknown-linux-gnu/10.2.0/../../../../riscv64-unknown-linux-gnu/lib/../lib64xthead/lp64d] ==> [/iothome/hao.gao/package/toolchain_linux/Xuantie-900-gcc-linux-5.10.4-glibc-x86_64-V2.6.1/riscv64-unknown-linux-gnu/lib64xthead/lp64d]
  collapse library dir [/iothome/hao.gao/package/toolchain_linux/Xuantie-900-gcc-linux-5.10.4-glibc-x86_64-V2.6.1/bin/../sysroot/lib/../lib64xthead/lp64d] ==> [/iothome/hao.gao/package/toolchain_linux/Xuantie-900-gcc-linux-5.10.4-glibc-x86_64-V2.6.1/sysroot/lib64xthead/lp64d]
  collapse library dir [/iothome/hao.gao/package/toolchain_linux/Xuantie-900-gcc-linux-5.10.4-glibc-x86_64-V2.6.1/bin/../lib/gcc/riscv64-unknown-linux-gnu/10.2.0] ==> [/iothome/hao.gao/package/toolchain_linux/Xuantie-900-gcc-linux-5.10.4-glibc-x86_64-V2.6.1/lib/gcc/riscv64-unknown-linux-gnu/10.2.0]
  collapse library dir [/iothome/hao.gao/package/toolchain_linux/Xuantie-900-gcc-linux-5.10.4-glibc-x86_64-V2.6.1/bin/../lib/gcc] ==> [/iothome/hao.gao/package/toolchain_linux/Xuantie-900-gcc-linux-5.10.4-glibc-x86_64-V2.6.1/lib/gcc]
  collapse library dir [/iothome/hao.gao/package/toolchain_linux/Xuantie-900-gcc-linux-5.10.4-glibc-x86_64-V2.6.1/bin/../lib/gcc/riscv64-unknown-linux-gnu/10.2.0/../../../../riscv64-unknown-linux-gnu/lib] ==> [/iothome/hao.gao/package/toolchain_linux/Xuantie-900-gcc-linux-5.10.4-glibc-x86_64-V2.6.1/riscv64-unknown-linux-gnu/lib]
  collapse library dir [/iothome/hao.gao/package/toolchain_linux/Xuantie-900-gcc-linux-5.10.4-glibc-x86_64-V2.6.1/bin/../sysroot/lib64xthead/lp64d] ==> [/iothome/hao.gao/package/toolchain_linux/Xuantie-900-gcc-linux-5.10.4-glibc-x86_64-V2.6.1/sysroot/lib64xthead/lp64d]
  collapse library dir [/iothome/hao.gao/package/toolchain_linux/Xuantie-900-gcc-linux-5.10.4-glibc-x86_64-V2.6.1/bin/../sysroot/usr/lib64xthead/lp64d] ==> [/iothome/hao.gao/package/toolchain_linux/Xuantie-900-gcc-linux-5.10.4-glibc-x86_64-V2.6.1/sysroot/usr/lib64xthead/lp64d]
  collapse library dir [/iothome/hao.gao/package/toolchain_linux/Xuantie-900-gcc-linux-5.10.4-glibc-x86_64-V2.6.1/bin/../sysroot/lib64/lp64d] ==> [/iothome/hao.gao/package/toolchain_linux/Xuantie-900-gcc-linux-5.10.4-glibc-x86_64-V2.6.1/sysroot/lib64/lp64d]
  collapse library dir [/iothome/hao.gao/package/toolchain_linux/Xuantie-900-gcc-linux-5.10.4-glibc-x86_64-V2.6.1/bin/../sysroot/usr/lib64/lp64d] ==> [/iothome/hao.gao/package/toolchain_linux/Xuantie-900-gcc-linux-5.10.4-glibc-x86_64-V2.6.1/sysroot/usr/lib64/lp64d]
  collapse library dir [/iothome/hao.gao/package/toolchain_linux/Xuantie-900-gcc-linux-5.10.4-glibc-x86_64-V2.6.1/bin/../sysroot/lib] ==> [/iothome/hao.gao/package/toolchain_linux/Xuantie-900-gcc-linux-5.10.4-glibc-x86_64-V2.6.1/sysroot/lib]
  implicit libs: [stdc++;m;c]
  implicit dirs: [/iothome/hao.gao/package/toolchain_linux/Xuantie-900-gcc-linux-5.10.4-glibc-x86_64-V2.6.1/lib/gcc/riscv64-unknown-linux-gnu/10.2.0/lib64xthead/lp64d;/iothome/hao.gao/package/toolchain_linux/Xuantie-900-gcc-linux-5.10.4-glibc-x86_64-V2.6.1/riscv64-unknown-linux-gnu/lib64xthead/lp64d;/iothome/hao.gao/package/toolchain_linux/Xuantie-900-gcc-linux-5.10.4-glibc-x86_64-V2.6.1/sysroot/lib64xthead/lp64d;/iothome/hao.gao/package/toolchain_linux/Xuantie-900-gcc-linux-5.10.4-glibc-x86_64-V2.6.1/lib/gcc/riscv64-unknown-linux-gnu/10.2.0;/iothome/hao.gao/package/toolchain_linux/Xuantie-900-gcc-linux-5.10.4-glibc-x86_64-V2.6.1/lib/gcc;/iothome/hao.gao/package/toolchain_linux/Xuantie-900-gcc-linux-5.10.4-glibc-x86_64-V2.6.1/riscv64-unknown-linux-gnu/lib;/iothome/hao.gao/package/toolchain_linux/Xuantie-900-gcc-linux-5.10.4-glibc-x86_64-V2.6.1/sysroot/usr/lib64xthead/lp64d;/iothome/hao.gao/package/toolchain_linux/Xuantie-900-gcc-linux-5.10.4-glibc-x86_64-V2.6.1/sysroot/lib64/lp64d;/iothome/hao.gao/package/toolchain_linux/Xuantie-900-gcc-linux-5.10.4-glibc-x86_64-V2.6.1/sysroot/usr/lib64/lp64d;/iothome/hao.gao/package/toolchain_linux/Xuantie-900-gcc-linux-5.10.4-glibc-x86_64-V2.6.1/sysroot/lib]
  implicit fwks: []




Detecting CXX [-std=c++14] compiler features compiled with the following output:
Change Dir: /iothome/hao.gao/github_pro/my_ssp/SSP/example_riscv_linux_build/CMakeFiles/CMakeTmp

Run Build Command:"/usr/bin/make" "cmTC_8104c/fast"
make[1]: Entering directory '/iothome/hao.gao/github_pro/my_ssp/SSP/example_riscv_linux_build/CMakeFiles/CMakeTmp'
make[1]: Warning: File 'Makefile' has modification time 3.5 s in the future
/usr/bin/make -f CMakeFiles/cmTC_8104c.dir/build.make CMakeFiles/cmTC_8104c.dir/build
make[2]: Entering directory '/iothome/hao.gao/github_pro/my_ssp/SSP/example_riscv_linux_build/CMakeFiles/CMakeTmp'
make[2]: Warning: File 'CMakeFiles/cmTC_8104c.dir/flags.make' has modification time 3.5 s in the future
Building CXX object CMakeFiles/cmTC_8104c.dir/feature_tests.cxx.o
/iothome/hao.gao/package/toolchain_linux/Xuantie-900-gcc-linux-5.10.4-glibc-x86_64-V2.6.1/bin/riscv64-unknown-linux-gnu-g++     -std=c++14 -o CMakeFiles/cmTC_8104c.dir/feature_tests.cxx.o -c /iothome/hao.gao/github_pro/my_ssp/SSP/example_riscv_linux_build/CMakeFiles/feature_tests.cxx
Linking CXX executable cmTC_8104c
/usr/local/bin/cmake -E cmake_link_script CMakeFiles/cmTC_8104c.dir/link.txt --verbose=1
/iothome/hao.gao/package/toolchain_linux/Xuantie-900-gcc-linux-5.10.4-glibc-x86_64-V2.6.1/bin/riscv64-unknown-linux-gnu-g++        CMakeFiles/cmTC_8104c.dir/feature_tests.cxx.o  -o cmTC_8104c -rdynamic 
make[2]: warning:  Clock skew detected.  Your build may be incomplete.
make[2]: Leaving directory '/iothome/hao.gao/github_pro/my_ssp/SSP/example_riscv_linux_build/CMakeFiles/CMakeTmp'
make[1]: warning:  Clock skew detected.  Your build may be incomplete.
make[1]: Leaving directory '/iothome/hao.gao/github_pro/my_ssp/SSP/example_riscv_linux_build/CMakeFiles/CMakeTmp'


    Feature record: CXX_FEATURE:1cxx_aggregate_default_initializers
    Feature record: CXX_FEATURE:1cxx_alias_templates
    Feature record: CXX_FEATURE:1cxx_alignas
    Feature record: CXX_FEATURE:1cxx_alignof
    Feature record: CXX_FEATURE:1cxx_attributes
    Feature record: CXX_FEATURE:1cxx_attribute_deprecated
    Feature record: CXX_FEATURE:1cxx_auto_type
    Feature record: CXX_FEATURE:1cxx_binary_literals
    Feature record: CXX_FEATURE:1cxx_constexpr
    Feature record: CXX_FEATURE:1cxx_contextual_conversions
    Feature record: CXX_FEATURE:1cxx_decltype
    Feature record: CXX_FEATURE:1cxx_decltype_auto
    Feature record: CXX_FEATURE:1cxx_decltype_incomplete_return_types
    Feature record: CXX_FEATURE:1cxx_default_function_template_args
    Feature record: CXX_FEATURE:1cxx_defaulted_functions
    Feature record: CXX_FEATURE:1cxx_defaulted_move_initializers
    Feature record: CXX_FEATURE:1cxx_delegating_constructors
    Feature record: CXX_FEATURE:1cxx_deleted_functions
    Feature record: CXX_FEATURE:1cxx_digit_separators
    Feature record: CXX_FEATURE:1cxx_enum_forward_declarations
    Feature record: CXX_FEATURE:1cxx_explicit_conversions
    Feature record: CXX_FEATURE:1cxx_extended_friend_declarations
    Feature record: CXX_FEATURE:1cxx_extern_templates
    Feature record: CXX_FEATURE:1cxx_final
    Feature record: CXX_FEATURE:1cxx_func_identifier
    Feature record: CXX_FEATURE:1cxx_generalized_initializers
    Feature record: CXX_FEATURE:1cxx_generic_lambdas
    Feature record: CXX_FEATURE:1cxx_inheriting_constructors
    Feature record: CXX_FEATURE:1cxx_inline_namespaces
    Feature record: CXX_FEATURE:1cxx_lambdas
    Feature record: CXX_FEATURE:1cxx_lambda_init_captures
    Feature record: CXX_FEATURE:1cxx_local_type_template_args
    Feature record: CXX_FEATURE:1cxx_long_long_type
    Feature record: CXX_FEATURE:1cxx_noexcept
    Feature record: CXX_FEATURE:1cxx_nonstatic_member_init
    Feature record: CXX_FEATURE:1cxx_nullptr
    Feature record: CXX_FEATURE:1cxx_override
    Feature record: CXX_FEATURE:1cxx_range_for
    Feature record: CXX_FEATURE:1cxx_raw_string_literals
    Feature record: CXX_FEATURE:1cxx_reference_qualified_functions
    Feature record: CXX_FEATURE:1cxx_relaxed_constexpr
    Feature record: CXX_FEATURE:1cxx_return_type_deduction
    Feature record: CXX_FEATURE:1cxx_right_angle_brackets
    Feature record: CXX_FEATURE:1cxx_rvalue_references
    Feature record: CXX_FEATURE:1cxx_sizeof_member
    Feature record: CXX_FEATURE:1cxx_static_assert
    Feature record: CXX_FEATURE:1cxx_strong_enums
    Feature record: CXX_FEATURE:1cxx_template_template_parameters
    Feature record: CXX_FEATURE:1cxx_thread_local
    Feature record: CXX_FEATURE:1cxx_trailing_return_types
    Feature record: CXX_FEATURE:1cxx_unicode_literals
    Feature record: CXX_FEATURE:1cxx_uniform_initialization
    Feature record: CXX_FEATURE:1cxx_unrestricted_unions
    Feature record: CXX_FEATURE:1cxx_user_literals
    Feature record: CXX_FEATURE:1cxx_variable_templates
    Feature record: CXX_FEATURE:1cxx_variadic_macros
    Feature record: CXX_FEATURE:1cxx_variadic_templates


Detecting CXX [-std=c++11] compiler features compiled with the following output:
Change Dir: /iothome/hao.gao/github_pro/my_ssp/SSP/example_riscv_linux_build/CMakeFiles/CMakeTmp

Run Build Command:"/usr/bin/make" "cmTC_e2781/fast"
make[1]: Entering directory '/iothome/hao.gao/github_pro/my_ssp/SSP/example_riscv_linux_build/CMakeFiles/CMakeTmp'
make[1]: Warning: File 'Makefile' has modification time 3.5 s in the future
/usr/bin/make -f CMakeFiles/cmTC_e2781.dir/build.make CMakeFiles/cmTC_e2781.dir/build
make[2]: Entering directory '/iothome/hao.gao/github_pro/my_ssp/SSP/example_riscv_linux_build/CMakeFiles/CMakeTmp'
make[2]: Warning: File 'CMakeFiles/cmTC_e2781.dir/flags.make' has modification time 3.5 s in the future
Building CXX object CMakeFiles/cmTC_e2781.dir/feature_tests.cxx.o
/iothome/hao.gao/package/toolchain_linux/Xuantie-900-gcc-linux-5.10.4-glibc-x86_64-V2.6.1/bin/riscv64-unknown-linux-gnu-g++     -std=c++11 -o CMakeFiles/cmTC_e2781.dir/feature_tests.cxx.o -c /iothome/hao.gao/github_pro/my_ssp/SSP/example_riscv_linux_build/CMakeFiles/feature_tests.cxx
Linking CXX executable cmTC_e2781
/usr/local/bin/cmake -E cmake_link_script CMakeFiles/cmTC_e2781.dir/link.txt --verbose=1
/iothome/hao.gao/package/toolchain_linux/Xuantie-900-gcc-linux-5.10.4-glibc-x86_64-V2.6.1/bin/riscv64-unknown-linux-gnu-g++        CMakeFiles/cmTC_e2781.dir/feature_tests.cxx.o  -o cmTC_e2781 -rdynamic 
make[2]: warning:  Clock skew detected.  Your build may be incomplete.
make[2]: Leaving directory '/iothome/hao.gao/github_pro/my_ssp/SSP/example_riscv_linux_build/CMakeFiles/CMakeTmp'
make[1]: warning:  Clock skew detected.  Your build may be incomplete.
make[1]: Leaving directory '/iothome/hao.gao/github_pro/my_ssp/SSP/example_riscv_linux_build/CMakeFiles/CMakeTmp'


    Feature record: CXX_FEATURE:0cxx_aggregate_default_initializers
    Feature record: CXX_FEATURE:1cxx_alias_templates
    Feature record: CXX_FEATURE:1cxx_alignas
    Feature record: CXX_FEATURE:1cxx_alignof
    Feature record: CXX_FEATURE:1cxx_attributes
    Feature record: CXX_FEATURE:0cxx_attribute_deprecated
    Feature record: CXX_FEATURE:1cxx_auto_type
    Feature record: CXX_FEATURE:0cxx_binary_literals
    Feature record: CXX_FEATURE:1cxx_constexpr
    Feature record: CXX_FEATURE:0cxx_contextual_conversions
    Feature record: CXX_FEATURE:1cxx_decltype
    Feature record: CXX_FEATURE:0cxx_decltype_auto
    Feature record: CXX_FEATURE:1cxx_decltype_incomplete_return_types
    Feature record: CXX_FEATURE:1cxx_default_function_template_args
    Feature record: CXX_FEATURE:1cxx_defaulted_functions
    Feature record: CXX_FEATURE:1cxx_defaulted_move_initializers
    Feature record: CXX_FEATURE:1cxx_delegating_constructors
    Feature record: CXX_FEATURE:1cxx_deleted_functions
    Feature record: CXX_FEATURE:0cxx_digit_separators
    Feature record: CXX_FEATURE:1cxx_enum_forward_declarations
    Feature record: CXX_FEATURE:1cxx_explicit_conversions
    Feature record: CXX_FEATURE:1cxx_extended_friend_declarations
    Feature record: CXX_FEATURE:1cxx_extern_templates
    Feature record: CXX_FEATURE:1cxx_final
    Feature record: CXX_FEATURE:1cxx_func_identifier
    Feature record: CXX_FEATURE:1cxx_generalized_initializers
    Feature record: CXX_FEATURE:0cxx_generic_lambdas
    Feature record: CXX_FEATURE:1cxx_inheriting_constructors
    Feature record: CXX_FEATURE:1cxx_inline_namespaces
    Feature record: CXX_FEATURE:1cxx_lambdas
    Feature record: CXX_FEATURE:0cxx_lambda_init_captures
    Feature record: CXX_FEATURE:1cxx_local_type_template_args
    Feature record: CXX_FEATURE:1cxx_long_long_type
    Feature record: CXX_FEATURE:1cxx_noexcept
    Feature record: CXX_FEATURE:1cxx_nonstatic_member_init
    Feature record: CXX_FEATURE:1cxx_nullptr
    Feature record: CXX_FEATURE:1cxx_override
    Feature record: CXX_FEATURE:1cxx_range_for
    Feature record: CXX_FEATURE:1cxx_raw_string_literals
    Feature record: CXX_FEATURE:1cxx_reference_qualified_functions
    Feature record: CXX_FEATURE:0cxx_relaxed_constexpr
    Feature record: CXX_FEATURE:0cxx_return_type_deduction
    Feature record: CXX_FEATURE:1cxx_right_angle_brackets
    Feature record: CXX_FEATURE:1cxx_rvalue_references
    Feature record: CXX_FEATURE:1cxx_sizeof_member
    Feature record: CXX_FEATURE:1cxx_static_assert
    Feature record: CXX_FEATURE:1cxx_strong_enums
    Feature record: CXX_FEATURE:1cxx_template_template_parameters
    Feature record: CXX_FEATURE:1cxx_thread_local
    Feature record: CXX_FEATURE:1cxx_trailing_return_types
    Feature record: CXX_FEATURE:1cxx_unicode_literals
    Feature record: CXX_FEATURE:1cxx_uniform_initialization
    Feature record: CXX_FEATURE:1cxx_unrestricted_unions
    Feature record: CXX_FEATURE:1cxx_user_literals
    Feature record: CXX_FEATURE:0cxx_variable_templates
    Feature record: CXX_FEATURE:1cxx_variadic_macros
    Feature record: CXX_FEATURE:1cxx_variadic_templates


Detecting CXX [-std=c++98] compiler features compiled with the following output:
Change Dir: /iothome/hao.gao/github_pro/my_ssp/SSP/example_riscv_linux_build/CMakeFiles/CMakeTmp

Run Build Command:"/usr/bin/make" "cmTC_70ddd/fast"
make[1]: Entering directory '/iothome/hao.gao/github_pro/my_ssp/SSP/example_riscv_linux_build/CMakeFiles/CMakeTmp'
make[1]: Warning: File 'Makefile' has modification time 3.5 s in the future
/usr/bin/make -f CMakeFiles/cmTC_70ddd.dir/build.make CMakeFiles/cmTC_70ddd.dir/build
make[2]: Entering directory '/iothome/hao.gao/github_pro/my_ssp/SSP/example_riscv_linux_build/CMakeFiles/CMakeTmp'
make[2]: Warning: File 'CMakeFiles/cmTC_70ddd.dir/flags.make' has modification time 3.5 s in the future
Building CXX object CMakeFiles/cmTC_70ddd.dir/feature_tests.cxx.o
/iothome/hao.gao/package/toolchain_linux/Xuantie-900-gcc-linux-5.10.4-glibc-x86_64-V2.6.1/bin/riscv64-unknown-linux-gnu-g++     -std=c++98 -o CMakeFiles/cmTC_70ddd.dir/feature_tests.cxx.o -c /iothome/hao.gao/github_pro/my_ssp/SSP/example_riscv_linux_build/CMakeFiles/feature_tests.cxx
Linking CXX executable cmTC_70ddd
/usr/local/bin/cmake -E cmake_link_script CMakeFiles/cmTC_70ddd.dir/link.txt --verbose=1
/iothome/hao.gao/package/toolchain_linux/Xuantie-900-gcc-linux-5.10.4-glibc-x86_64-V2.6.1/bin/riscv64-unknown-linux-gnu-g++        CMakeFiles/cmTC_70ddd.dir/feature_tests.cxx.o  -o cmTC_70ddd -rdynamic 
make[2]: warning:  Clock skew detected.  Your build may be incomplete.
make[2]: Leaving directory '/iothome/hao.gao/github_pro/my_ssp/SSP/example_riscv_linux_build/CMakeFiles/CMakeTmp'
make[1]: warning:  Clock skew detected.  Your build may be incomplete.
make[1]: Leaving directory '/iothome/hao.gao/github_pro/my_ssp/SSP/example_riscv_linux_build/CMakeFiles/CMakeTmp'


    Feature record: CXX_FEATURE:0cxx_aggregate_default_initializers
    Feature record: CXX_FEATURE:0cxx_alias_templates
    Feature record: CXX_FEATURE:0cxx_alignas
    Feature record: CXX_FEATURE:0cxx_alignof
    Feature record: CXX_FEATURE:0cxx_attributes
    Feature record: CXX_FEATURE:0cxx_attribute_deprecated
    Feature record: CXX_FEATURE:0cxx_auto_type
    Feature record: CXX_FEATURE:0cxx_binary_literals
    Feature record: CXX_FEATURE:0cxx_constexpr
    Feature record: CXX_FEATURE:0cxx_contextual_conversions
    Feature record: CXX_FEATURE:0cxx_decltype
    Feature record: CXX_FEATURE:0cxx_decltype_auto
    Feature record: CXX_FEATURE:0cxx_decltype_incomplete_return_types
    Feature record: CXX_FEATURE:0cxx_default_function_template_args
    Feature record: CXX_FEATURE:0cxx_defaulted_functions
    Feature record: CXX_FEATURE:0cxx_defaulted_move_initializers
    Feature record: CXX_FEATURE:0cxx_delegating_constructors
    Feature record: CXX_FEATURE:0cxx_deleted_functions
    Feature record: CXX_FEATURE:0cxx_digit_separators
    Feature record: CXX_FEATURE:0cxx_enum_forward_declarations
    Feature record: CXX_FEATURE:0cxx_explicit_conversions
    Feature record: CXX_FEATURE:0cxx_extended_friend_declarations
    Feature record: CXX_FEATURE:0cxx_extern_templates
    Feature record: CXX_FEATURE:0cxx_final
    Feature record: CXX_FEATURE:0cxx_func_identifier
    Feature record: CXX_FEATURE:0cxx_generalized_initializers
    Feature record: CXX_FEATURE:0cxx_generic_lambdas
    Feature record: CXX_FEATURE:0cxx_inheriting_constructors
    Feature record: CXX_FEATURE:0cxx_inline_namespaces
    Feature record: CXX_FEATURE:0cxx_lambdas
    Feature record: CXX_FEATURE:0cxx_lambda_init_captures
    Feature record: CXX_FEATURE:0cxx_local_type_template_args
    Feature record: CXX_FEATURE:0cxx_long_long_type
    Feature record: CXX_FEATURE:0cxx_noexcept
    Feature record: CXX_FEATURE:0cxx_nonstatic_member_init
    Feature record: CXX_FEATURE:0cxx_nullptr
    Feature record: CXX_FEATURE:0cxx_override
    Feature record: CXX_FEATURE:0cxx_range_for
    Feature record: CXX_FEATURE:0cxx_raw_string_literals
    Feature record: CXX_FEATURE:0cxx_reference_qualified_functions
    Feature record: CXX_FEATURE:0cxx_relaxed_constexpr
    Feature record: CXX_FEATURE:0cxx_return_type_deduction
    Feature record: CXX_FEATURE:0cxx_right_angle_brackets
    Feature record: CXX_FEATURE:0cxx_rvalue_references
    Feature record: CXX_FEATURE:0cxx_sizeof_member
    Feature record: CXX_FEATURE:0cxx_static_assert
    Feature record: CXX_FEATURE:0cxx_strong_enums
    Feature record: CXX_FEATURE:1cxx_template_template_parameters
    Feature record: CXX_FEATURE:0cxx_thread_local
    Feature record: CXX_FEATURE:0cxx_trailing_return_types
    Feature record: CXX_FEATURE:0cxx_unicode_literals
    Feature record: CXX_FEATURE:0cxx_uniform_initialization
    Feature record: CXX_FEATURE:0cxx_unrestricted_unions
    Feature record: CXX_FEATURE:0cxx_user_literals
    Feature record: CXX_FEATURE:0cxx_variable_templates
    Feature record: CXX_FEATURE:0cxx_variadic_macros
    Feature record: CXX_FEATURE:0cxx_variadic_templates
